CRITICAL - 2022-06-28 08:58:25 --> Undefined variable $prodi
in APPPATH\Views\pages\mahasiswa\create.php on line 64.
 1 APPPATH\Views\pages\mahasiswa\create.php(64): CodeIgniter\Debug\Exceptions->errorHandler(2, 'Undefined variable $prodi', 'APPPATH\\Views\\pages\\mahasiswa\\create.php', 64)
 2 SYSTEMPATH\View\View.php(213): include('APPPATH\\Views\\pages\\mahasiswa\\create.php')
 3 SYSTEMPATH\View\View.php(216): CodeIgniter\View\View->CodeIgniter\View\{closure}()
 4 SYSTEMPATH\Common.php(1135): CodeIgniter\View\View->render('pages/mahasiswa/create', [], true)
 5 APPPATH\Controllers\Mahasiswa.php(26): view('pages/mahasiswa/create')
 6 SYSTEMPATH\CodeIgniter.php(896): App\Controllers\Mahasiswa->create()
 7 SYSTEMPATH\CodeIgniter.php(466): CodeIgniter\CodeIgniter->runController(Object(App\Controllers\Mahasiswa))
 8 SYSTEMPATH\CodeIgniter.php(349): CodeIgniter\CodeIgniter->handleRequest(null, Object(Config\Cache), false)
 9 FCPATH\index.php(55): CodeIgniter\CodeIgniter->run()
10 SYSTEMPATH\Commands\Server\rewrite.php(43): require_once('FCPATH\\index.php')
CRITICAL - 2022-06-28 09:06:20 --> Allowed fields must be specified for model: App\Models\MahasiswaModel
in SYSTEMPATH\BaseModel.php on line 1138.
 1 SYSTEMPATH\BaseModel.php(1138): CodeIgniter\Database\Exceptions\DataException::forInvalidAllowedFields('App\\Models\\MahasiswaModel')
 2 SYSTEMPATH\BaseModel.php(713): CodeIgniter\BaseModel->doProtectFields([...])
 3 SYSTEMPATH\Model.php(666): CodeIgniter\BaseModel->insert([...], false)
 4 SYSTEMPATH\BaseModel.php(658): CodeIgniter\Model->insert([...], false)
 5 APPPATH\Controllers\Mahasiswa.php(43): CodeIgniter\BaseModel->save([...])
 6 SYSTEMPATH\CodeIgniter.php(896): App\Controllers\Mahasiswa->store()
 7 SYSTEMPATH\CodeIgniter.php(466): CodeIgniter\CodeIgniter->runController(Object(App\Controllers\Mahasiswa))
 8 SYSTEMPATH\CodeIgniter.php(349): CodeIgniter\CodeIgniter->handleRequest(null, Object(Config\Cache), false)
 9 FCPATH\index.php(55): CodeIgniter\CodeIgniter->run()
10 SYSTEMPATH\Commands\Server\rewrite.php(43): require_once('FCPATH\\index.php')
ERROR - 2022-06-28 09:07:01 --> Column 'id_prodi' cannot be null
CRITICAL - 2022-06-28 09:07:01 --> Column 'id_prodi' cannot be null
in SYSTEMPATH\Database\MySQLi\Connection.php on line 292.
 1 SYSTEMPATH\Database\MySQLi\Connection.php(292): mysqli->query('INSERT INTO `mahasiswa` (`nama`, `nim`, `ipk`, `id_prodi`, `id_kelas`, `tmp_lahir`, `tgl_lahir`, `created_at`, `updated_at`) VALUES (\'Nelan\', \'0110221189\', \'3\', NULL, NULL, NULL, NULL, \'2022-06-28 09:07:01\', \'2022-06-28 09:07:01\')', 0)
 2 SYSTEMPATH\Database\BaseConnection.php(695): CodeIgniter\Database\MySQLi\Connection->execute('INSERT INTO `mahasiswa` (`nama`, `nim`, `ipk`, `id_prodi`, `id_kelas`, `tmp_lahir`, `tgl_lahir`, `created_at`, `updated_at`) VALUES (\'Nelan\', \'0110221189\', \'3\', NULL, NULL, NULL, NULL, \'2022-06-28 09:07:01\', \'2022-06-28 09:07:01\')')
 3 SYSTEMPATH\Database\BaseConnection.php(609): CodeIgniter\Database\BaseConnection->simpleQuery('INSERT INTO `mahasiswa` (`nama`, `nim`, `ipk`, `id_prodi`, `id_kelas`, `tmp_lahir`, `tgl_lahir`, `created_at`, `updated_at`) VALUES (\'Nelan\', \'0110221189\', \'3\', NULL, NULL, NULL, NULL, \'2022-06-28 09:07:01\', \'2022-06-28 09:07:01\')')
 4 SYSTEMPATH\Database\BaseBuilder.php(1904): CodeIgniter\Database\BaseConnection->query('INSERT INTO `mahasiswa` (`nama`, `nim`, `ipk`, `id_prodi`, `id_kelas`, `tmp_lahir`, `tgl_lahir`, `created_at`, `updated_at`) VALUES (:nama:, :nim:, :ipk:, :id_prodi:, :id_kelas:, :tmp_lahir:, :tgl_lahir:, :created_at:, :updated_at:)', [...], false)
 5 SYSTEMPATH\Model.php(278): CodeIgniter\Database\BaseBuilder->insert()
 6 SYSTEMPATH\BaseModel.php(738): CodeIgniter\Model->doInsert([...])
 7 SYSTEMPATH\Model.php(666): CodeIgniter\BaseModel->insert([...], false)
 8 SYSTEMPATH\BaseModel.php(658): CodeIgniter\Model->insert([...], false)
 9 APPPATH\Controllers\Mahasiswa.php(43): CodeIgniter\BaseModel->save([...])
10 SYSTEMPATH\CodeIgniter.php(896): App\Controllers\Mahasiswa->store()
11 SYSTEMPATH\CodeIgniter.php(466): CodeIgniter\CodeIgniter->runController(Object(App\Controllers\Mahasiswa))
12 SYSTEMPATH\CodeIgniter.php(349): CodeIgniter\CodeIgniter->handleRequest(null, Object(Config\Cache), false)
13 FCPATH\index.php(55): CodeIgniter\CodeIgniter->run()
14 SYSTEMPATH\Commands\Server\rewrite.php(43): require_once('FCPATH\\index.php')
ERROR - 2022-06-28 09:07:49 --> Column 'tmp_lahir' cannot be null
CRITICAL - 2022-06-28 09:07:49 --> Column 'tmp_lahir' cannot be null
in SYSTEMPATH\Database\MySQLi\Connection.php on line 292.
 1 SYSTEMPATH\Database\MySQLi\Connection.php(292): mysqli->query('INSERT INTO `mahasiswa` (`nama`, `nim`, `ipk`, `tmp_lahir`, `tgl_lahir`, `created_at`, `updated_at`) VALUES (\'Nelan\', \'0110221189\', \'3\', NULL, NULL, \'2022-06-28 09:07:49\', \'2022-06-28 09:07:49\')', 0)
 2 SYSTEMPATH\Database\BaseConnection.php(695): CodeIgniter\Database\MySQLi\Connection->execute('INSERT INTO `mahasiswa` (`nama`, `nim`, `ipk`, `tmp_lahir`, `tgl_lahir`, `created_at`, `updated_at`) VALUES (\'Nelan\', \'0110221189\', \'3\', NULL, NULL, \'2022-06-28 09:07:49\', \'2022-06-28 09:07:49\')')
 3 SYSTEMPATH\Database\BaseConnection.php(609): CodeIgniter\Database\BaseConnection->simpleQuery('INSERT INTO `mahasiswa` (`nama`, `nim`, `ipk`, `tmp_lahir`, `tgl_lahir`, `created_at`, `updated_at`) VALUES (\'Nelan\', \'0110221189\', \'3\', NULL, NULL, \'2022-06-28 09:07:49\', \'2022-06-28 09:07:49\')')
 4 SYSTEMPATH\Database\BaseBuilder.php(1904): CodeIgniter\Database\BaseConnection->query('INSERT INTO `mahasiswa` (`nama`, `nim`, `ipk`, `tmp_lahir`, `tgl_lahir`, `created_at`, `updated_at`) VALUES (:nama:, :nim:, :ipk:, :tmp_lahir:, :tgl_lahir:, :created_at:, :updated_at:)', [...], false)
 5 SYSTEMPATH\Model.php(278): CodeIgniter\Database\BaseBuilder->insert()
 6 SYSTEMPATH\BaseModel.php(738): CodeIgniter\Model->doInsert([...])
 7 SYSTEMPATH\Model.php(666): CodeIgniter\BaseModel->insert([...], false)
 8 SYSTEMPATH\BaseModel.php(658): CodeIgniter\Model->insert([...], false)
 9 APPPATH\Controllers\Mahasiswa.php(41): CodeIgniter\BaseModel->save([...])
10 SYSTEMPATH\CodeIgniter.php(896): App\Controllers\Mahasiswa->store()
11 SYSTEMPATH\CodeIgniter.php(466): CodeIgniter\CodeIgniter->runController(Object(App\Controllers\Mahasiswa))
12 SYSTEMPATH\CodeIgniter.php(349): CodeIgniter\CodeIgniter->handleRequest(null, Object(Config\Cache), false)
13 FCPATH\index.php(55): CodeIgniter\CodeIgniter->run()
14 SYSTEMPATH\Commands\Server\rewrite.php(43): require_once('FCPATH\\index.php')
ERROR - 2022-06-28 09:07:53 --> Column 'tmp_lahir' cannot be null
CRITICAL - 2022-06-28 09:07:53 --> Column 'tmp_lahir' cannot be null
in SYSTEMPATH\Database\MySQLi\Connection.php on line 292.
 1 SYSTEMPATH\Database\MySQLi\Connection.php(292): mysqli->query('INSERT INTO `mahasiswa` (`nama`, `nim`, `ipk`, `tmp_lahir`, `tgl_lahir`, `created_at`, `updated_at`) VALUES (\'Nelan\', \'0110221189\', \'3\', NULL, NULL, \'2022-06-28 09:07:53\', \'2022-06-28 09:07:53\')', 0)
 2 SYSTEMPATH\Database\BaseConnection.php(695): CodeIgniter\Database\MySQLi\Connection->execute('INSERT INTO `mahasiswa` (`nama`, `nim`, `ipk`, `tmp_lahir`, `tgl_lahir`, `created_at`, `updated_at`) VALUES (\'Nelan\', \'0110221189\', \'3\', NULL, NULL, \'2022-06-28 09:07:53\', \'2022-06-28 09:07:53\')')
 3 SYSTEMPATH\Database\BaseConnection.php(609): CodeIgniter\Database\BaseConnection->simpleQuery('INSERT INTO `mahasiswa` (`nama`, `nim`, `ipk`, `tmp_lahir`, `tgl_lahir`, `created_at`, `updated_at`) VALUES (\'Nelan\', \'0110221189\', \'3\', NULL, NULL, \'2022-06-28 09:07:53\', \'2022-06-28 09:07:53\')')
 4 SYSTEMPATH\Database\BaseBuilder.php(1904): CodeIgniter\Database\BaseConnection->query('INSERT INTO `mahasiswa` (`nama`, `nim`, `ipk`, `tmp_lahir`, `tgl_lahir`, `created_at`, `updated_at`) VALUES (:nama:, :nim:, :ipk:, :tmp_lahir:, :tgl_lahir:, :created_at:, :updated_at:)', [...], false)
 5 SYSTEMPATH\Model.php(278): CodeIgniter\Database\BaseBuilder->insert()
 6 SYSTEMPATH\BaseModel.php(738): CodeIgniter\Model->doInsert([...])
 7 SYSTEMPATH\Model.php(666): CodeIgniter\BaseModel->insert([...], false)
 8 SYSTEMPATH\BaseModel.php(658): CodeIgniter\Model->insert([...], false)
 9 APPPATH\Controllers\Mahasiswa.php(41): CodeIgniter\BaseModel->save([...])
10 SYSTEMPATH\CodeIgniter.php(896): App\Controllers\Mahasiswa->store()
11 SYSTEMPATH\CodeIgniter.php(466): CodeIgniter\CodeIgniter->runController(Object(App\Controllers\Mahasiswa))
12 SYSTEMPATH\CodeIgniter.php(349): CodeIgniter\CodeIgniter->handleRequest(null, Object(Config\Cache), false)
13 FCPATH\index.php(55): CodeIgniter\CodeIgniter->run()
14 SYSTEMPATH\Commands\Server\rewrite.php(43): require_once('FCPATH\\index.php')
CRITICAL - 2022-06-28 09:13:58 --> Undefined property: App\Controllers\Mahasiswa::$validate
in APPPATH\Controllers\Mahasiswa.php on line 43.
 1 APPPATH\Controllers\Mahasiswa.php(43): CodeIgniter\Debug\Exceptions->errorHandler(2, 'Undefined property: App\\Controllers\\Mahasiswa::$validate', 'APPPATH\\Controllers\\Mahasiswa.php', 43)
 2 SYSTEMPATH\CodeIgniter.php(896): App\Controllers\Mahasiswa->store()
 3 SYSTEMPATH\CodeIgniter.php(466): CodeIgniter\CodeIgniter->runController(Object(App\Controllers\Mahasiswa))
 4 SYSTEMPATH\CodeIgniter.php(349): CodeIgniter\CodeIgniter->handleRequest(null, Object(Config\Cache), false)
 5 FCPATH\index.php(55): CodeIgniter\CodeIgniter->run()
 6 SYSTEMPATH\Commands\Server\rewrite.php(43): require_once('FCPATH\\index.php')
CRITICAL - 2022-06-28 09:15:28 --> CodeIgniter\Validation\Validation::setRules(): Argument #1 ($rules) must be of type array, CodeIgniter\Validation\Validation given, called in D:\Nelan\Programming\PHP\smart-school-apps\system\Controller.php on line 184
in SYSTEMPATH\Validation\Validation.php on line 425.
 1 SYSTEMPATH\Controller.php(184): CodeIgniter\Validation\Validation->setRules(Object(CodeIgniter\Validation\Validation), [])
 2 SYSTEMPATH\Controller.php(138): CodeIgniter\Controller->setValidator(Object(CodeIgniter\Validation\Validation), [])
 3 APPPATH\Controllers\Mahasiswa.php(45): CodeIgniter\Controller->validate(Object(CodeIgniter\Validation\Validation))
 4 SYSTEMPATH\CodeIgniter.php(896): App\Controllers\Mahasiswa->store()
 5 SYSTEMPATH\CodeIgniter.php(466): CodeIgniter\CodeIgniter->runController(Object(App\Controllers\Mahasiswa))
 6 SYSTEMPATH\CodeIgniter.php(349): CodeIgniter\CodeIgniter->handleRequest(null, Object(Config\Cache), false)
 7 FCPATH\index.php(55): CodeIgniter\CodeIgniter->run()
 8 SYSTEMPATH\Commands\Server\rewrite.php(43): require_once('FCPATH\\index.php')
CRITICAL - 2022-06-28 09:15:58 --> CodeIgniter\Validation\Validation::setRules(): Argument #1 ($rules) must be of type array, CodeIgniter\Validation\Validation given, called in D:\Nelan\Programming\PHP\smart-school-apps\system\Controller.php on line 184
in SYSTEMPATH\Validation\Validation.php on line 425.
 1 SYSTEMPATH\Controller.php(184): CodeIgniter\Validation\Validation->setRules(Object(CodeIgniter\Validation\Validation), [])
 2 SYSTEMPATH\Controller.php(138): CodeIgniter\Controller->setValidator(Object(CodeIgniter\Validation\Validation), [])
 3 APPPATH\Controllers\Mahasiswa.php(45): CodeIgniter\Controller->validate(Object(CodeIgniter\Validation\Validation))
 4 SYSTEMPATH\CodeIgniter.php(896): App\Controllers\Mahasiswa->store()
 5 SYSTEMPATH\CodeIgniter.php(466): CodeIgniter\CodeIgniter->runController(Object(App\Controllers\Mahasiswa))
 6 SYSTEMPATH\CodeIgniter.php(349): CodeIgniter\CodeIgniter->handleRequest(null, Object(Config\Cache), false)
 7 FCPATH\index.php(55): CodeIgniter\CodeIgniter->run()
 8 SYSTEMPATH\Commands\Server\rewrite.php(43): require_once('FCPATH\\index.php')
ERROR - 2022-06-28 09:20:24 --> Column 'tmp_lahir' cannot be null
CRITICAL - 2022-06-28 09:20:24 --> Column 'tmp_lahir' cannot be null
in SYSTEMPATH\Database\MySQLi\Connection.php on line 292.
 1 SYSTEMPATH\Database\MySQLi\Connection.php(292): mysqli->query('INSERT INTO `mahasiswa` (`nama`, `nim`, `ipk`, `id_kelas`, `tmp_lahir`, `tgl_lahir`) VALUES (\'Nelan\', \'0110221189\', \'3\', \'1\', NULL, NULL)', 0)
 2 SYSTEMPATH\Database\BaseConnection.php(695): CodeIgniter\Database\MySQLi\Connection->execute('INSERT INTO `mahasiswa` (`nama`, `nim`, `ipk`, `id_kelas`, `tmp_lahir`, `tgl_lahir`) VALUES (\'Nelan\', \'0110221189\', \'3\', \'1\', NULL, NULL)')
 3 SYSTEMPATH\Database\BaseConnection.php(609): CodeIgniter\Database\BaseConnection->simpleQuery('INSERT INTO `mahasiswa` (`nama`, `nim`, `ipk`, `id_kelas`, `tmp_lahir`, `tgl_lahir`) VALUES (\'Nelan\', \'0110221189\', \'3\', \'1\', NULL, NULL)')
 4 SYSTEMPATH\Database\BaseBuilder.php(1904): CodeIgniter\Database\BaseConnection->query('INSERT INTO `mahasiswa` (`nama`, `nim`, `ipk`, `id_kelas`, `tmp_lahir`, `tgl_lahir`) VALUES (:nama:, :nim:, :ipk:, :id_kelas:, :tmp_lahir:, :tgl_lahir:)', [...], false)
 5 APPPATH\Models\MahasiswaModel.php(57): CodeIgniter\Database\BaseBuilder->insert([...])
 6 APPPATH\Controllers\Mahasiswa.php(41): App\Models\MahasiswaModel->createMahasiswa([...])
 7 SYSTEMPATH\CodeIgniter.php(896): App\Controllers\Mahasiswa->store()
 8 SYSTEMPATH\CodeIgniter.php(466): CodeIgniter\CodeIgniter->runController(Object(App\Controllers\Mahasiswa))
 9 SYSTEMPATH\CodeIgniter.php(349): CodeIgniter\CodeIgniter->handleRequest(null, Object(Config\Cache), false)
10 FCPATH\index.php(55): CodeIgniter\CodeIgniter->run()
11 SYSTEMPATH\Commands\Server\rewrite.php(43): require_once('FCPATH\\index.php')
CRITICAL - 2022-06-28 09:27:59 --> Undefined property: App\Controllers\Mahasiswa::$validate
in APPPATH\Controllers\Mahasiswa.php on line 32.
 1 APPPATH\Controllers\Mahasiswa.php(32): CodeIgniter\Debug\Exceptions->errorHandler(2, 'Undefined property: App\\Controllers\\Mahasiswa::$validate', 'APPPATH\\Controllers\\Mahasiswa.php', 32)
 2 SYSTEMPATH\CodeIgniter.php(896): App\Controllers\Mahasiswa->store()
 3 SYSTEMPATH\CodeIgniter.php(466): CodeIgniter\CodeIgniter->runController(Object(App\Controllers\Mahasiswa))
 4 SYSTEMPATH\CodeIgniter.php(349): CodeIgniter\CodeIgniter->handleRequest(null, Object(Config\Cache), false)
 5 FCPATH\index.php(55): CodeIgniter\CodeIgniter->run()
 6 SYSTEMPATH\Commands\Server\rewrite.php(43): require_once('FCPATH\\index.php')
ERROR - 2022-06-28 09:30:58 --> Column 'tmp_lahir' cannot be null
CRITICAL - 2022-06-28 09:30:58 --> Column 'tmp_lahir' cannot be null
in SYSTEMPATH\Database\MySQLi\Connection.php on line 292.
 1 SYSTEMPATH\Database\MySQLi\Connection.php(292): mysqli->query('INSERT INTO `mahasiswa` (`nama`, `nim`, `ipk`, `id_kelas`, `id_prodi`, `tmp_lahir`, `tgl_lahir`) VALUES (\'Nelan\', \'0110221189\', \'3.5\', \'1\', \'2\', NULL, NULL)', 0)
 2 SYSTEMPATH\Database\BaseConnection.php(695): CodeIgniter\Database\MySQLi\Connection->execute('INSERT INTO `mahasiswa` (`nama`, `nim`, `ipk`, `id_kelas`, `id_prodi`, `tmp_lahir`, `tgl_lahir`) VALUES (\'Nelan\', \'0110221189\', \'3.5\', \'1\', \'2\', NULL, NULL)')
 3 SYSTEMPATH\Database\BaseConnection.php(609): CodeIgniter\Database\BaseConnection->simpleQuery('INSERT INTO `mahasiswa` (`nama`, `nim`, `ipk`, `id_kelas`, `id_prodi`, `tmp_lahir`, `tgl_lahir`) VALUES (\'Nelan\', \'0110221189\', \'3.5\', \'1\', \'2\', NULL, NULL)')
 4 SYSTEMPATH\Database\BaseBuilder.php(1904): CodeIgniter\Database\BaseConnection->query('INSERT INTO `mahasiswa` (`nama`, `nim`, `ipk`, `id_kelas`, `id_prodi`, `tmp_lahir`, `tgl_lahir`) VALUES (:nama:, :nim:, :ipk:, :id_kelas:, :id_prodi:, :tmp_lahir:, :tgl_lahir:)', [...], false)
 5 APPPATH\Models\MahasiswaModel.php(57): CodeIgniter\Database\BaseBuilder->insert([...])
 6 APPPATH\Controllers\Mahasiswa.php(50): App\Models\MahasiswaModel->createMahasiswa([...])
 7 SYSTEMPATH\CodeIgniter.php(896): App\Controllers\Mahasiswa->store()
 8 SYSTEMPATH\CodeIgniter.php(466): CodeIgniter\CodeIgniter->runController(Object(App\Controllers\Mahasiswa))
 9 SYSTEMPATH\CodeIgniter.php(349): CodeIgniter\CodeIgniter->handleRequest(null, Object(Config\Cache), false)
10 FCPATH\index.php(55): CodeIgniter\CodeIgniter->run()
11 SYSTEMPATH\Commands\Server\rewrite.php(43): require_once('FCPATH\\index.php')
ERROR - 2022-06-28 09:47:32 --> Column 'gender' cannot be null
CRITICAL - 2022-06-28 09:47:32 --> Column 'gender' cannot be null
in SYSTEMPATH\Database\MySQLi\Connection.php on line 292.
 1 SYSTEMPATH\Database\MySQLi\Connection.php(292): mysqli->query('INSERT INTO `mahasiswa` (`nama`, `nim`, `ipk`, `gender`, `id_kelas`, `id_prodi`, `tmp_lahir`, `tgl_lahir`) VALUES (\'Nelan\', \'0110221189\', \'3\', NULL, \'3\', \'1\', \'Bogor\', \'2022-01-19\')', 0)
 2 SYSTEMPATH\Database\BaseConnection.php(695): CodeIgniter\Database\MySQLi\Connection->execute('INSERT INTO `mahasiswa` (`nama`, `nim`, `ipk`, `gender`, `id_kelas`, `id_prodi`, `tmp_lahir`, `tgl_lahir`) VALUES (\'Nelan\', \'0110221189\', \'3\', NULL, \'3\', \'1\', \'Bogor\', \'2022-01-19\')')
 3 SYSTEMPATH\Database\BaseConnection.php(609): CodeIgniter\Database\BaseConnection->simpleQuery('INSERT INTO `mahasiswa` (`nama`, `nim`, `ipk`, `gender`, `id_kelas`, `id_prodi`, `tmp_lahir`, `tgl_lahir`) VALUES (\'Nelan\', \'0110221189\', \'3\', NULL, \'3\', \'1\', \'Bogor\', \'2022-01-19\')')
 4 SYSTEMPATH\Database\BaseBuilder.php(1904): CodeIgniter\Database\BaseConnection->query('INSERT INTO `mahasiswa` (`nama`, `nim`, `ipk`, `gender`, `id_kelas`, `id_prodi`, `tmp_lahir`, `tgl_lahir`) VALUES (:nama:, :nim:, :ipk:, :gender:, :id_kelas:, :id_prodi:, :tmp_lahir:, :tgl_lahir:)', [...], false)
 5 APPPATH\Models\MahasiswaModel.php(57): CodeIgniter\Database\BaseBuilder->insert([...])
 6 APPPATH\Controllers\Mahasiswa.php(51): App\Models\MahasiswaModel->createMahasiswa([...])
 7 SYSTEMPATH\CodeIgniter.php(896): App\Controllers\Mahasiswa->store()
 8 SYSTEMPATH\CodeIgniter.php(466): CodeIgniter\CodeIgniter->runController(Object(App\Controllers\Mahasiswa))
 9 SYSTEMPATH\CodeIgniter.php(349): CodeIgniter\CodeIgniter->handleRequest(null, Object(Config\Cache), false)
10 FCPATH\index.php(55): CodeIgniter\CodeIgniter->run()
11 SYSTEMPATH\Commands\Server\rewrite.php(43): require_once('FCPATH\\index.php')
ERROR - 2022-06-28 09:47:41 --> Column 'gender' cannot be null
CRITICAL - 2022-06-28 09:47:41 --> Column 'gender' cannot be null
in SYSTEMPATH\Database\MySQLi\Connection.php on line 292.
 1 SYSTEMPATH\Database\MySQLi\Connection.php(292): mysqli->query('INSERT INTO `mahasiswa` (`nama`, `nim`, `ipk`, `gender`, `id_kelas`, `id_prodi`, `tmp_lahir`, `tgl_lahir`) VALUES (\'Nelan\', \'0110221189\', \'3\', NULL, \'3\', \'1\', \'Bogor\', \'2022-01-19\')', 0)
 2 SYSTEMPATH\Database\BaseConnection.php(695): CodeIgniter\Database\MySQLi\Connection->execute('INSERT INTO `mahasiswa` (`nama`, `nim`, `ipk`, `gender`, `id_kelas`, `id_prodi`, `tmp_lahir`, `tgl_lahir`) VALUES (\'Nelan\', \'0110221189\', \'3\', NULL, \'3\', \'1\', \'Bogor\', \'2022-01-19\')')
 3 SYSTEMPATH\Database\BaseConnection.php(609): CodeIgniter\Database\BaseConnection->simpleQuery('INSERT INTO `mahasiswa` (`nama`, `nim`, `ipk`, `gender`, `id_kelas`, `id_prodi`, `tmp_lahir`, `tgl_lahir`) VALUES (\'Nelan\', \'0110221189\', \'3\', NULL, \'3\', \'1\', \'Bogor\', \'2022-01-19\')')
 4 SYSTEMPATH\Database\BaseBuilder.php(1904): CodeIgniter\Database\BaseConnection->query('INSERT INTO `mahasiswa` (`nama`, `nim`, `ipk`, `gender`, `id_kelas`, `id_prodi`, `tmp_lahir`, `tgl_lahir`) VALUES (:nama:, :nim:, :ipk:, :gender:, :id_kelas:, :id_prodi:, :tmp_lahir:, :tgl_lahir:)', [...], false)
 5 APPPATH\Models\MahasiswaModel.php(57): CodeIgniter\Database\BaseBuilder->insert([...])
 6 APPPATH\Controllers\Mahasiswa.php(51): App\Models\MahasiswaModel->createMahasiswa([...])
 7 SYSTEMPATH\CodeIgniter.php(896): App\Controllers\Mahasiswa->store()
 8 SYSTEMPATH\CodeIgniter.php(466): CodeIgniter\CodeIgniter->runController(Object(App\Controllers\Mahasiswa))
 9 SYSTEMPATH\CodeIgniter.php(349): CodeIgniter\CodeIgniter->handleRequest(null, Object(Config\Cache), false)
10 FCPATH\index.php(55): CodeIgniter\CodeIgniter->run()
11 SYSTEMPATH\Commands\Server\rewrite.php(43): require_once('FCPATH\\index.php')
CRITICAL - 2022-06-28 09:51:43 --> Call to undefined method App\Models\MahasiswaModel::deleteMahasiswa
in SYSTEMPATH\Model.php on line 773.
 1 APPPATH\Controllers\Mahasiswa.php(64): CodeIgniter\Model->__call('deleteMahasiswa', [...])
 2 SYSTEMPATH\CodeIgniter.php(896): App\Controllers\Mahasiswa->delete('9')
 3 SYSTEMPATH\CodeIgniter.php(466): CodeIgniter\CodeIgniter->runController(Object(App\Controllers\Mahasiswa))
 4 SYSTEMPATH\CodeIgniter.php(349): CodeIgniter\CodeIgniter->handleRequest(null, Object(Config\Cache), false)
 5 FCPATH\index.php(55): CodeIgniter\CodeIgniter->run()
 6 SYSTEMPATH\Commands\Server\rewrite.php(43): require_once('FCPATH\\index.php')
CRITICAL - 2022-06-28 09:57:41 --> Cannot use object of type stdClass as array
in APPPATH\Views\pages\mahasiswa\create.php on line 66.
 1 SYSTEMPATH\View\View.php(213): include()
 2 SYSTEMPATH\View\View.php(216): CodeIgniter\View\View->CodeIgniter\View\{closure}()
 3 SYSTEMPATH\Common.php(1135): CodeIgniter\View\View->render('pages/mahasiswa/create', [], true)
 4 APPPATH\Controllers\Mahasiswa.php(29): view('pages/mahasiswa/create', [...])
 5 SYSTEMPATH\CodeIgniter.php(896): App\Controllers\Mahasiswa->create()
 6 SYSTEMPATH\CodeIgniter.php(466): CodeIgniter\CodeIgniter->runController(Object(App\Controllers\Mahasiswa))
 7 SYSTEMPATH\CodeIgniter.php(349): CodeIgniter\CodeIgniter->handleRequest(null, Object(Config\Cache), false)
 8 FCPATH\index.php(55): CodeIgniter\CodeIgniter->run()
 9 SYSTEMPATH\Commands\Server\rewrite.php(43): require_once('FCPATH\\index.php')
CRITICAL - 2022-06-28 09:58:36 --> Cannot use object of type stdClass as array
in APPPATH\Views\pages\mahasiswa\create.php on line 66.
 1 SYSTEMPATH\View\View.php(213): include()
 2 SYSTEMPATH\View\View.php(216): CodeIgniter\View\View->CodeIgniter\View\{closure}()
 3 SYSTEMPATH\Common.php(1135): CodeIgniter\View\View->render('pages/mahasiswa/create', [], true)
 4 APPPATH\Controllers\Mahasiswa.php(29): view('pages/mahasiswa/create', [...])
 5 SYSTEMPATH\CodeIgniter.php(896): App\Controllers\Mahasiswa->create()
 6 SYSTEMPATH\CodeIgniter.php(466): CodeIgniter\CodeIgniter->runController(Object(App\Controllers\Mahasiswa))
 7 SYSTEMPATH\CodeIgniter.php(349): CodeIgniter\CodeIgniter->handleRequest(null, Object(Config\Cache), false)
 8 FCPATH\index.php(55): CodeIgniter\CodeIgniter->run()
 9 SYSTEMPATH\Commands\Server\rewrite.php(43): require_once('FCPATH\\index.php')
CRITICAL - 2022-06-28 10:00:58 --> Cannot use object of type stdClass as array
in APPPATH\Views\pages\mahasiswa\create.php on line 66.
 1 SYSTEMPATH\View\View.php(213): include()
 2 SYSTEMPATH\View\View.php(216): CodeIgniter\View\View->CodeIgniter\View\{closure}()
 3 SYSTEMPATH\Common.php(1135): CodeIgniter\View\View->render('pages/mahasiswa/create', [], true)
 4 APPPATH\Controllers\Mahasiswa.php(29): view('pages/mahasiswa/create', [...])
 5 SYSTEMPATH\CodeIgniter.php(896): App\Controllers\Mahasiswa->create()
 6 SYSTEMPATH\CodeIgniter.php(466): CodeIgniter\CodeIgniter->runController(Object(App\Controllers\Mahasiswa))
 7 SYSTEMPATH\CodeIgniter.php(349): CodeIgniter\CodeIgniter->handleRequest(null, Object(Config\Cache), false)
 8 FCPATH\index.php(55): CodeIgniter\CodeIgniter->run()
 9 SYSTEMPATH\Commands\Server\rewrite.php(43): require_once('FCPATH\\index.php')
CRITICAL - 2022-06-28 10:01:37 --> Undefined array key "id"
in APPPATH\Views\pages\mahasiswa\create.php on line 65.
 1 APPPATH\Views\pages\mahasiswa\create.php(65): CodeIgniter\Debug\Exceptions->errorHandler(2, 'Undefined array key "id"', 'APPPATH\\Views\\pages\\mahasiswa\\create.php', 65)
 2 SYSTEMPATH\View\View.php(213): include('APPPATH\\Views\\pages\\mahasiswa\\create.php')
 3 SYSTEMPATH\View\View.php(216): CodeIgniter\View\View->CodeIgniter\View\{closure}()
 4 SYSTEMPATH\Common.php(1135): CodeIgniter\View\View->render('pages/mahasiswa/create', [], true)
 5 APPPATH\Controllers\Mahasiswa.php(29): view('pages/mahasiswa/create', [...])
 6 SYSTEMPATH\CodeIgniter.php(896): App\Controllers\Mahasiswa->create()
 7 SYSTEMPATH\CodeIgniter.php(466): CodeIgniter\CodeIgniter->runController(Object(App\Controllers\Mahasiswa))
 8 SYSTEMPATH\CodeIgniter.php(349): CodeIgniter\CodeIgniter->handleRequest(null, Object(Config\Cache), false)
 9 FCPATH\index.php(55): CodeIgniter\CodeIgniter->run()
10 SYSTEMPATH\Commands\Server\rewrite.php(43): require_once('FCPATH\\index.php')
CRITICAL - 2022-06-28 10:03:37 --> Cannot access offset of type string on string
in APPPATH\Views\pages\mahasiswa\create.php on line 66.
 1 SYSTEMPATH\View\View.php(213): include()
 2 SYSTEMPATH\View\View.php(216): CodeIgniter\View\View->CodeIgniter\View\{closure}()
 3 SYSTEMPATH\Common.php(1135): CodeIgniter\View\View->render('pages/mahasiswa/create', [], true)
 4 APPPATH\Controllers\Mahasiswa.php(29): view('pages/mahasiswa/create', [...])
 5 SYSTEMPATH\CodeIgniter.php(896): App\Controllers\Mahasiswa->create()
 6 SYSTEMPATH\CodeIgniter.php(466): CodeIgniter\CodeIgniter->runController(Object(App\Controllers\Mahasiswa))
 7 SYSTEMPATH\CodeIgniter.php(349): CodeIgniter\CodeIgniter->handleRequest(null, Object(Config\Cache), false)
 8 FCPATH\index.php(55): CodeIgniter\CodeIgniter->run()
 9 SYSTEMPATH\Commands\Server\rewrite.php(43): require_once('FCPATH\\index.php')
CRITICAL - 2022-06-28 10:05:05 --> Undefined array key "nama"
in APPPATH\Views\pages\mahasiswa\create.php on line 62.
 1 APPPATH\Views\pages\mahasiswa\create.php(62): CodeIgniter\Debug\Exceptions->errorHandler(2, 'Undefined array key "nama"', 'APPPATH\\Views\\pages\\mahasiswa\\create.php', 62)
 2 SYSTEMPATH\View\View.php(213): include('APPPATH\\Views\\pages\\mahasiswa\\create.php')
 3 SYSTEMPATH\View\View.php(216): CodeIgniter\View\View->CodeIgniter\View\{closure}()
 4 SYSTEMPATH\Common.php(1135): CodeIgniter\View\View->render('pages/mahasiswa/create', [], true)
 5 APPPATH\Controllers\Mahasiswa.php(29): view('pages/mahasiswa/create', [...])
 6 SYSTEMPATH\CodeIgniter.php(896): App\Controllers\Mahasiswa->create()
 7 SYSTEMPATH\CodeIgniter.php(466): CodeIgniter\CodeIgniter->runController(Object(App\Controllers\Mahasiswa))
 8 SYSTEMPATH\CodeIgniter.php(349): CodeIgniter\CodeIgniter->handleRequest(null, Object(Config\Cache), false)
 9 FCPATH\index.php(55): CodeIgniter\CodeIgniter->run()
10 SYSTEMPATH\Commands\Server\rewrite.php(43): require_once('FCPATH\\index.php')
CRITICAL - 2022-06-28 10:06:32 --> Cannot use object of type stdClass as array
in APPPATH\Views\pages\mahasiswa\create.php on line 63.
 1 SYSTEMPATH\View\View.php(213): include()
 2 SYSTEMPATH\View\View.php(216): CodeIgniter\View\View->CodeIgniter\View\{closure}()
 3 SYSTEMPATH\Common.php(1135): CodeIgniter\View\View->render('pages/mahasiswa/create', [], true)
 4 APPPATH\Controllers\Mahasiswa.php(29): view('pages/mahasiswa/create', [...])
 5 SYSTEMPATH\CodeIgniter.php(896): App\Controllers\Mahasiswa->create()
 6 SYSTEMPATH\CodeIgniter.php(466): CodeIgniter\CodeIgniter->runController(Object(App\Controllers\Mahasiswa))
 7 SYSTEMPATH\CodeIgniter.php(349): CodeIgniter\CodeIgniter->handleRequest(null, Object(Config\Cache), false)
 8 FCPATH\index.php(55): CodeIgniter\CodeIgniter->run()
 9 SYSTEMPATH\Commands\Server\rewrite.php(43): require_once('FCPATH\\index.php')
CRITICAL - 2022-06-28 10:07:04 --> Cannot access offset of type string on string
in APPPATH\Views\pages\mahasiswa\create.php on line 63.
 1 SYSTEMPATH\View\View.php(213): include()
 2 SYSTEMPATH\View\View.php(216): CodeIgniter\View\View->CodeIgniter\View\{closure}()
 3 SYSTEMPATH\Common.php(1135): CodeIgniter\View\View->render('pages/mahasiswa/create', [], true)
 4 APPPATH\Controllers\Mahasiswa.php(29): view('pages/mahasiswa/create', [...])
 5 SYSTEMPATH\CodeIgniter.php(896): App\Controllers\Mahasiswa->create()
 6 SYSTEMPATH\CodeIgniter.php(466): CodeIgniter\CodeIgniter->runController(Object(App\Controllers\Mahasiswa))
 7 SYSTEMPATH\CodeIgniter.php(349): CodeIgniter\CodeIgniter->handleRequest(null, Object(Config\Cache), false)
 8 FCPATH\index.php(55): CodeIgniter\CodeIgniter->run()
 9 SYSTEMPATH\Commands\Server\rewrite.php(43): require_once('FCPATH\\index.php')
ERROR - 2022-06-28 10:12:34 --> Column 'id_prodi' cannot be null
CRITICAL - 2022-06-28 10:12:34 --> Column 'id_prodi' cannot be null
in SYSTEMPATH\Database\MySQLi\Connection.php on line 292.
 1 SYSTEMPATH\Database\MySQLi\Connection.php(292): mysqli->query('INSERT INTO `mahasiswa` (`nama`, `nim`, `ipk`, `gender`, `id_kelas`, `id_prodi`, `tmp_lahir`, `tgl_lahir`) VALUES (\'Susan Husni\', \'0110221189\', \'3\', \'L\', \'2\', NULL, \'Bogor\', \'2022-05-30\')', 0)
 2 SYSTEMPATH\Database\BaseConnection.php(695): CodeIgniter\Database\MySQLi\Connection->execute('INSERT INTO `mahasiswa` (`nama`, `nim`, `ipk`, `gender`, `id_kelas`, `id_prodi`, `tmp_lahir`, `tgl_lahir`) VALUES (\'Susan Husni\', \'0110221189\', \'3\', \'L\', \'2\', NULL, \'Bogor\', \'2022-05-30\')')
 3 SYSTEMPATH\Database\BaseConnection.php(609): CodeIgniter\Database\BaseConnection->simpleQuery('INSERT INTO `mahasiswa` (`nama`, `nim`, `ipk`, `gender`, `id_kelas`, `id_prodi`, `tmp_lahir`, `tgl_lahir`) VALUES (\'Susan Husni\', \'0110221189\', \'3\', \'L\', \'2\', NULL, \'Bogor\', \'2022-05-30\')')
 4 SYSTEMPATH\Database\BaseBuilder.php(1904): CodeIgniter\Database\BaseConnection->query('INSERT INTO `mahasiswa` (`nama`, `nim`, `ipk`, `gender`, `id_kelas`, `id_prodi`, `tmp_lahir`, `tgl_lahir`) VALUES (:nama:, :nim:, :ipk:, :gender:, :id_kelas:, :id_prodi:, :tmp_lahir:, :tgl_lahir:)', [...], false)
 5 APPPATH\Models\MahasiswaModel.php(57): CodeIgniter\Database\BaseBuilder->insert([...])
 6 APPPATH\Controllers\Mahasiswa.php(56): App\Models\MahasiswaModel->createMahasiswa([...])
 7 SYSTEMPATH\CodeIgniter.php(896): App\Controllers\Mahasiswa->store()
 8 SYSTEMPATH\CodeIgniter.php(466): CodeIgniter\CodeIgniter->runController(Object(App\Controllers\Mahasiswa))
 9 SYSTEMPATH\CodeIgniter.php(349): CodeIgniter\CodeIgniter->handleRequest(null, Object(Config\Cache), false)
10 FCPATH\index.php(55): CodeIgniter\CodeIgniter->run()
11 SYSTEMPATH\Commands\Server\rewrite.php(43): require_once('FCPATH\\index.php')
ERROR - 2022-06-28 10:12:59 --> Column 'id_prodi' cannot be null
CRITICAL - 2022-06-28 10:12:59 --> Column 'id_prodi' cannot be null
in SYSTEMPATH\Database\MySQLi\Connection.php on line 292.
 1 SYSTEMPATH\Database\MySQLi\Connection.php(292): mysqli->query('INSERT INTO `mahasiswa` (`nama`, `nim`, `ipk`, `gender`, `id_kelas`, `id_prodi`, `tmp_lahir`, `tgl_lahir`) VALUES (\'Susan Husni\', \'0110221189\', \'3\', \'L\', \'2\', NULL, \'Bogor\', \'2022-05-30\')', 0)
 2 SYSTEMPATH\Database\BaseConnection.php(695): CodeIgniter\Database\MySQLi\Connection->execute('INSERT INTO `mahasiswa` (`nama`, `nim`, `ipk`, `gender`, `id_kelas`, `id_prodi`, `tmp_lahir`, `tgl_lahir`) VALUES (\'Susan Husni\', \'0110221189\', \'3\', \'L\', \'2\', NULL, \'Bogor\', \'2022-05-30\')')
 3 SYSTEMPATH\Database\BaseConnection.php(609): CodeIgniter\Database\BaseConnection->simpleQuery('INSERT INTO `mahasiswa` (`nama`, `nim`, `ipk`, `gender`, `id_kelas`, `id_prodi`, `tmp_lahir`, `tgl_lahir`) VALUES (\'Susan Husni\', \'0110221189\', \'3\', \'L\', \'2\', NULL, \'Bogor\', \'2022-05-30\')')
 4 SYSTEMPATH\Database\BaseBuilder.php(1904): CodeIgniter\Database\BaseConnection->query('INSERT INTO `mahasiswa` (`nama`, `nim`, `ipk`, `gender`, `id_kelas`, `id_prodi`, `tmp_lahir`, `tgl_lahir`) VALUES (:nama:, :nim:, :ipk:, :gender:, :id_kelas:, :id_prodi:, :tmp_lahir:, :tgl_lahir:)', [...], false)
 5 APPPATH\Models\MahasiswaModel.php(57): CodeIgniter\Database\BaseBuilder->insert([...])
 6 APPPATH\Controllers\Mahasiswa.php(56): App\Models\MahasiswaModel->createMahasiswa([...])
 7 SYSTEMPATH\CodeIgniter.php(896): App\Controllers\Mahasiswa->store()
 8 SYSTEMPATH\CodeIgniter.php(466): CodeIgniter\CodeIgniter->runController(Object(App\Controllers\Mahasiswa))
 9 SYSTEMPATH\CodeIgniter.php(349): CodeIgniter\CodeIgniter->handleRequest(null, Object(Config\Cache), false)
10 FCPATH\index.php(55): CodeIgniter\CodeIgniter->run()
11 SYSTEMPATH\Commands\Server\rewrite.php(43): require_once('FCPATH\\index.php')
ERROR - 2022-06-28 10:13:30 --> Column 'id_prodi' cannot be null
CRITICAL - 2022-06-28 10:13:30 --> Column 'id_prodi' cannot be null
in SYSTEMPATH\Database\MySQLi\Connection.php on line 292.
 1 SYSTEMPATH\Database\MySQLi\Connection.php(292): mysqli->query('INSERT INTO `mahasiswa` (`nama`, `nim`, `ipk`, `gender`, `id_kelas`, `id_prodi`, `tmp_lahir`, `tgl_lahir`) VALUES (\'Susan Husni\', \'0110221189\', \'3\', \'L\', \'2\', NULL, \'Bogor\', \'2022-05-30\')', 0)
 2 SYSTEMPATH\Database\BaseConnection.php(695): CodeIgniter\Database\MySQLi\Connection->execute('INSERT INTO `mahasiswa` (`nama`, `nim`, `ipk`, `gender`, `id_kelas`, `id_prodi`, `tmp_lahir`, `tgl_lahir`) VALUES (\'Susan Husni\', \'0110221189\', \'3\', \'L\', \'2\', NULL, \'Bogor\', \'2022-05-30\')')
 3 SYSTEMPATH\Database\BaseConnection.php(609): CodeIgniter\Database\BaseConnection->simpleQuery('INSERT INTO `mahasiswa` (`nama`, `nim`, `ipk`, `gender`, `id_kelas`, `id_prodi`, `tmp_lahir`, `tgl_lahir`) VALUES (\'Susan Husni\', \'0110221189\', \'3\', \'L\', \'2\', NULL, \'Bogor\', \'2022-05-30\')')
 4 SYSTEMPATH\Database\BaseBuilder.php(1904): CodeIgniter\Database\BaseConnection->query('INSERT INTO `mahasiswa` (`nama`, `nim`, `ipk`, `gender`, `id_kelas`, `id_prodi`, `tmp_lahir`, `tgl_lahir`) VALUES (:nama:, :nim:, :ipk:, :gender:, :id_kelas:, :id_prodi:, :tmp_lahir:, :tgl_lahir:)', [...], false)
 5 APPPATH\Models\MahasiswaModel.php(57): CodeIgniter\Database\BaseBuilder->insert([...])
 6 APPPATH\Controllers\Mahasiswa.php(56): App\Models\MahasiswaModel->createMahasiswa([...])
 7 SYSTEMPATH\CodeIgniter.php(896): App\Controllers\Mahasiswa->store()
 8 SYSTEMPATH\CodeIgniter.php(466): CodeIgniter\CodeIgniter->runController(Object(App\Controllers\Mahasiswa))
 9 SYSTEMPATH\CodeIgniter.php(349): CodeIgniter\CodeIgniter->handleRequest(null, Object(Config\Cache), false)
10 FCPATH\index.php(55): CodeIgniter\CodeIgniter->run()
11 SYSTEMPATH\Commands\Server\rewrite.php(43): require_once('FCPATH\\index.php')
ERROR - 2022-06-28 10:23:10 --> Operand should contain 1 column(s)
CRITICAL - 2022-06-28 10:23:10 --> Operand should contain 1 column(s)
in SYSTEMPATH\Database\MySQLi\Connection.php on line 292.
 1 SYSTEMPATH\Database\MySQLi\Connection.php(292): mysqli->query('INSERT INTO `mahasiswa` (`nama`, `nim`, `ipk`, `gender`, `id_kelas`, `id_prodi`, `tmp_lahir`, `tgl_lahir`, `error`) VALUES (\'\', \'\', \'\', \'\', \'\', \'\', \'\', \'\', (\'Nama harus diisi\',\'Prodi harus diisi\',\'Kelas harus diisi\',\'NIM harus diisi\',\'Tanggal lahir harus diisi\',\'Tempat lahir harus diisi\'))', 0)
 2 SYSTEMPATH\Database\BaseConnection.php(695): CodeIgniter\Database\MySQLi\Connection->execute('INSERT INTO `mahasiswa` (`nama`, `nim`, `ipk`, `gender`, `id_kelas`, `id_prodi`, `tmp_lahir`, `tgl_lahir`, `error`) VALUES (\'\', \'\', \'\', \'\', \'\', \'\', \'\', \'\', (\'Nama harus diisi\',\'Prodi harus diisi\',\'Kelas harus diisi\',\'NIM harus diisi\',\'Tanggal lahir harus diisi\',\'Tempat lahir harus diisi\'))')
 3 SYSTEMPATH\Database\BaseConnection.php(609): CodeIgniter\Database\BaseConnection->simpleQuery('INSERT INTO `mahasiswa` (`nama`, `nim`, `ipk`, `gender`, `id_kelas`, `id_prodi`, `tmp_lahir`, `tgl_lahir`, `error`) VALUES (\'\', \'\', \'\', \'\', \'\', \'\', \'\', \'\', (\'Nama harus diisi\',\'Prodi harus diisi\',\'Kelas harus diisi\',\'NIM harus diisi\',\'Tanggal lahir harus diisi\',\'Tempat lahir harus diisi\'))')
 4 SYSTEMPATH\Database\BaseBuilder.php(1904): CodeIgniter\Database\BaseConnection->query('INSERT INTO `mahasiswa` (`nama`, `nim`, `ipk`, `gender`, `id_kelas`, `id_prodi`, `tmp_lahir`, `tgl_lahir`, `error`) VALUES (:nama:, :nim:, :ipk:, :gender:, :id_kelas:, :id_prodi:, :tmp_lahir:, :tgl_lahir:, :error:)', [...], false)
 5 APPPATH\Models\MahasiswaModel.php(57): CodeIgniter\Database\BaseBuilder->insert([...])
 6 APPPATH\Controllers\Mahasiswa.php(88): App\Models\MahasiswaModel->createMahasiswa([...])
 7 SYSTEMPATH\CodeIgniter.php(896): App\Controllers\Mahasiswa->store()
 8 SYSTEMPATH\CodeIgniter.php(466): CodeIgniter\CodeIgniter->runController(Object(App\Controllers\Mahasiswa))
 9 SYSTEMPATH\CodeIgniter.php(349): CodeIgniter\CodeIgniter->handleRequest(null, Object(Config\Cache), false)
10 FCPATH\index.php(55): CodeIgniter\CodeIgniter->run()
11 SYSTEMPATH\Commands\Server\rewrite.php(43): require_once('FCPATH\\index.php')
ERROR - 2022-06-28 10:23:34 --> Operand should contain 1 column(s)
CRITICAL - 2022-06-28 10:23:34 --> Operand should contain 1 column(s)
in SYSTEMPATH\Database\MySQLi\Connection.php on line 292.
 1 SYSTEMPATH\Database\MySQLi\Connection.php(292): mysqli->query('INSERT INTO `mahasiswa` (`nama`, `nim`, `ipk`, `gender`, `id_kelas`, `id_prodi`, `tmp_lahir`, `tgl_lahir`, `error`) VALUES (\'Nelan\', \'0110221189\', \'4\', \'\', \'1\', \'1\', \'\', \'\', (\'Tanggal lahir harus diisi\',\'Tempat lahir harus diisi\'))', 0)
 2 SYSTEMPATH\Database\BaseConnection.php(695): CodeIgniter\Database\MySQLi\Connection->execute('INSERT INTO `mahasiswa` (`nama`, `nim`, `ipk`, `gender`, `id_kelas`, `id_prodi`, `tmp_lahir`, `tgl_lahir`, `error`) VALUES (\'Nelan\', \'0110221189\', \'4\', \'\', \'1\', \'1\', \'\', \'\', (\'Tanggal lahir harus diisi\',\'Tempat lahir harus diisi\'))')
 3 SYSTEMPATH\Database\BaseConnection.php(609): CodeIgniter\Database\BaseConnection->simpleQuery('INSERT INTO `mahasiswa` (`nama`, `nim`, `ipk`, `gender`, `id_kelas`, `id_prodi`, `tmp_lahir`, `tgl_lahir`, `error`) VALUES (\'Nelan\', \'0110221189\', \'4\', \'\', \'1\', \'1\', \'\', \'\', (\'Tanggal lahir harus diisi\',\'Tempat lahir harus diisi\'))')
 4 SYSTEMPATH\Database\BaseBuilder.php(1904): CodeIgniter\Database\BaseConnection->query('INSERT INTO `mahasiswa` (`nama`, `nim`, `ipk`, `gender`, `id_kelas`, `id_prodi`, `tmp_lahir`, `tgl_lahir`, `error`) VALUES (:nama:, :nim:, :ipk:, :gender:, :id_kelas:, :id_prodi:, :tmp_lahir:, :tgl_lahir:, :error:)', [...], false)
 5 APPPATH\Models\MahasiswaModel.php(57): CodeIgniter\Database\BaseBuilder->insert([...])
 6 APPPATH\Controllers\Mahasiswa.php(88): App\Models\MahasiswaModel->createMahasiswa([...])
 7 SYSTEMPATH\CodeIgniter.php(896): App\Controllers\Mahasiswa->store()
 8 SYSTEMPATH\CodeIgniter.php(466): CodeIgniter\CodeIgniter->runController(Object(App\Controllers\Mahasiswa))
 9 SYSTEMPATH\CodeIgniter.php(349): CodeIgniter\CodeIgniter->handleRequest(null, Object(Config\Cache), false)
10 FCPATH\index.php(55): CodeIgniter\CodeIgniter->run()
11 SYSTEMPATH\Commands\Server\rewrite.php(43): require_once('FCPATH\\index.php')
CRITICAL - 2022-06-28 10:23:52 --> Undefined variable $prodi
in APPPATH\Views\pages\mahasiswa\create.php on line 66.
 1 APPPATH\Views\pages\mahasiswa\create.php(66): CodeIgniter\Debug\Exceptions->errorHandler(2, 'Undefined variable $prodi', 'APPPATH\\Views\\pages\\mahasiswa\\create.php', 66)
 2 SYSTEMPATH\View\View.php(213): include('APPPATH\\Views\\pages\\mahasiswa\\create.php')
 3 SYSTEMPATH\View\View.php(216): CodeIgniter\View\View->CodeIgniter\View\{closure}()
 4 SYSTEMPATH\Common.php(1135): CodeIgniter\View\View->render('pages/mahasiswa/create', [], true)
 5 APPPATH\Controllers\Mahasiswa.php(91): view('pages/mahasiswa/create')
 6 SYSTEMPATH\CodeIgniter.php(896): App\Controllers\Mahasiswa->store()
 7 SYSTEMPATH\CodeIgniter.php(466): CodeIgniter\CodeIgniter->runController(Object(App\Controllers\Mahasiswa))
 8 SYSTEMPATH\CodeIgniter.php(349): CodeIgniter\CodeIgniter->handleRequest(null, Object(Config\Cache), false)
 9 FCPATH\index.php(55): CodeIgniter\CodeIgniter->run()
10 SYSTEMPATH\Commands\Server\rewrite.php(43): require_once('FCPATH\\index.php')
CRITICAL - 2022-06-28 10:24:46 --> Undefined variable $prodi
in APPPATH\Views\pages\mahasiswa\create.php on line 66.
 1 APPPATH\Views\pages\mahasiswa\create.php(66): CodeIgniter\Debug\Exceptions->errorHandler(2, 'Undefined variable $prodi', 'APPPATH\\Views\\pages\\mahasiswa\\create.php', 66)
 2 SYSTEMPATH\View\View.php(213): include('APPPATH\\Views\\pages\\mahasiswa\\create.php')
 3 SYSTEMPATH\View\View.php(216): CodeIgniter\View\View->CodeIgniter\View\{closure}()
 4 SYSTEMPATH\Common.php(1135): CodeIgniter\View\View->render('pages/mahasiswa/create', [], true)
 5 APPPATH\Controllers\Mahasiswa.php(79): view('pages/mahasiswa/create')
 6 SYSTEMPATH\CodeIgniter.php(896): App\Controllers\Mahasiswa->store()
 7 SYSTEMPATH\CodeIgniter.php(466): CodeIgniter\CodeIgniter->runController(Object(App\Controllers\Mahasiswa))
 8 SYSTEMPATH\CodeIgniter.php(349): CodeIgniter\CodeIgniter->handleRequest(null, Object(Config\Cache), false)
 9 FCPATH\index.php(55): CodeIgniter\CodeIgniter->run()
10 SYSTEMPATH\Commands\Server\rewrite.php(43): require_once('FCPATH\\index.php')
