CRITICAL - 2022-06-25 02:10:14 --> Invalid file: pages/master/kegiatan.php
in SYSTEMPATH/Exceptions/FrameworkException.php on line 33.
 1 SYSTEMPATH/View/View.php(201): CodeIgniter\Exceptions\FrameworkException::forInvalidFile('pages/master/kegiatan.php')
 2 SYSTEMPATH/Common.php(1135): CodeIgniter\View\View->render('pages/master/kegiatan', [], true)
 3 APPPATH/Controllers/Kegiatan.php(11): view('pages/master/kegiatan')
 4 SYSTEMPATH/CodeIgniter.php(896): App\Controllers\Kegiatan->index()
 5 SYSTEMPATH/CodeIgniter.php(466): CodeIgniter\CodeIgniter->runController(Object(App\Controllers\Kegiatan))
 6 SYSTEMPATH/CodeIgniter.php(349): CodeIgniter\CodeIgniter->handleRequest(null, Object(Config\Cache), false)
 7 FCPATH/index.php(55): CodeIgniter\CodeIgniter->run()
 8 SYSTEMPATH/Commands/Server/rewrite.php(43): require_once('FCPATH/index.php')
CRITICAL - 2022-06-25 02:10:31 --> Invalid file: pages/pendaftaran.php
in SYSTEMPATH/Exceptions/FrameworkException.php on line 33.
 1 SYSTEMPATH/View/View.php(201): CodeIgniter\Exceptions\FrameworkException::forInvalidFile('pages/pendaftaran.php')
 2 SYSTEMPATH/Common.php(1135): CodeIgniter\View\View->render('pages/pendaftaran', [], true)
 3 APPPATH/Controllers/Pendaftaran.php(11): view('pages/pendaftaran')
 4 SYSTEMPATH/CodeIgniter.php(896): App\Controllers\Pendaftaran->index()
 5 SYSTEMPATH/CodeIgniter.php(466): CodeIgniter\CodeIgniter->runController(Object(App\Controllers\Pendaftaran))
 6 SYSTEMPATH/CodeIgniter.php(349): CodeIgniter\CodeIgniter->handleRequest(null, Object(Config\Cache), false)
 7 FCPATH/index.php(55): CodeIgniter\CodeIgniter->run()
 8 SYSTEMPATH/Commands/Server/rewrite.php(43): require_once('FCPATH/index.php')
CRITICAL - 2022-06-25 02:10:34 --> Invalid file: pages/pendaftaran.php
in SYSTEMPATH/Exceptions/FrameworkException.php on line 33.
 1 SYSTEMPATH/View/View.php(201): CodeIgniter\Exceptions\FrameworkException::forInvalidFile('pages/pendaftaran.php')
 2 SYSTEMPATH/Common.php(1135): CodeIgniter\View\View->render('pages/pendaftaran', [], true)
 3 APPPATH/Controllers/Pendaftaran.php(11): view('pages/pendaftaran')
 4 SYSTEMPATH/CodeIgniter.php(896): App\Controllers\Pendaftaran->index()
 5 SYSTEMPATH/CodeIgniter.php(466): CodeIgniter\CodeIgniter->runController(Object(App\Controllers\Pendaftaran))
 6 SYSTEMPATH/CodeIgniter.php(349): CodeIgniter\CodeIgniter->handleRequest(null, Object(Config\Cache), false)
 7 FCPATH/index.php(55): CodeIgniter\CodeIgniter->run()
 8 SYSTEMPATH/Commands/Server/rewrite.php(43): require_once('FCPATH/index.php')
CRITICAL - 2022-06-25 02:10:35 --> Invalid file: pages/pendaftaran.php
in SYSTEMPATH/Exceptions/FrameworkException.php on line 33.
 1 SYSTEMPATH/View/View.php(201): CodeIgniter\Exceptions\FrameworkException::forInvalidFile('pages/pendaftaran.php')
 2 SYSTEMPATH/Common.php(1135): CodeIgniter\View\View->render('pages/pendaftaran', [], true)
 3 APPPATH/Controllers/Pendaftaran.php(11): view('pages/pendaftaran')
 4 SYSTEMPATH/CodeIgniter.php(896): App\Controllers\Pendaftaran->index()
 5 SYSTEMPATH/CodeIgniter.php(466): CodeIgniter\CodeIgniter->runController(Object(App\Controllers\Pendaftaran))
 6 SYSTEMPATH/CodeIgniter.php(349): CodeIgniter\CodeIgniter->handleRequest(null, Object(Config\Cache), false)
 7 FCPATH/index.php(55): CodeIgniter\CodeIgniter->run()
 8 SYSTEMPATH/Commands/Server/rewrite.php(43): require_once('FCPATH/index.php')
CRITICAL - 2022-06-25 02:10:42 --> Invalid file: pages/pendaftaran.php
in SYSTEMPATH/Exceptions/FrameworkException.php on line 33.
 1 SYSTEMPATH/View/View.php(201): CodeIgniter\Exceptions\FrameworkException::forInvalidFile('pages/pendaftaran.php')
 2 SYSTEMPATH/Common.php(1135): CodeIgniter\View\View->render('pages/pendaftaran', [], true)
 3 APPPATH/Controllers/Pendaftaran.php(11): view('pages/pendaftaran')
 4 SYSTEMPATH/CodeIgniter.php(896): App\Controllers\Pendaftaran->index()
 5 SYSTEMPATH/CodeIgniter.php(466): CodeIgniter\CodeIgniter->runController(Object(App\Controllers\Pendaftaran))
 6 SYSTEMPATH/CodeIgniter.php(349): CodeIgniter\CodeIgniter->handleRequest(null, Object(Config\Cache), false)
 7 FCPATH/index.php(55): CodeIgniter\CodeIgniter->run()
 8 SYSTEMPATH/Commands/Server/rewrite.php(43): require_once('FCPATH/index.php')
CRITICAL - 2022-06-25 02:15:09 --> Undefined property: CodeIgniter\View\View::$uri
in APPPATH/Views/layouts/content-header.php on line 6.
 1 APPPATH/Views/layouts/content-header.php(6): CodeIgniter\Debug\Exceptions->errorHandler(2, 'Undefined property: CodeIgniter\\View\\View::$uri', 'APPPATH/Views/layouts/content-header.php', 6)
 2 SYSTEMPATH/View/View.php(213): include('APPPATH/Views/layouts/content-header.php')
 3 SYSTEMPATH/View/View.php(216): CodeIgniter\View\View->CodeIgniter\View\{closure}()
 4 SYSTEMPATH/View/View.php(429): CodeIgniter\View\View->render('layouts/content-header', null, true)
 5 APPPATH/Views/layouts/templates.php(40): CodeIgniter\View\View->include('layouts/content-header')
 6 SYSTEMPATH/View/View.php(213): include('APPPATH/Views/layouts/templates.php')
 7 SYSTEMPATH/View/View.php(216): CodeIgniter\View\View->CodeIgniter\View\{closure}()
 8 SYSTEMPATH/View/View.php(229): CodeIgniter\View\View->render('layouts/templates', [], true)
 9 SYSTEMPATH/Common.php(1135): CodeIgniter\View\View->render('pages/kegiatan', [], true)
10 APPPATH/Controllers/Kegiatan.php(11): view('pages/kegiatan')
11 SYSTEMPATH/CodeIgniter.php(896): App\Controllers\Kegiatan->index()
12 SYSTEMPATH/CodeIgniter.php(466): CodeIgniter\CodeIgniter->runController(Object(App\Controllers\Kegiatan))
13 SYSTEMPATH/CodeIgniter.php(349): CodeIgniter\CodeIgniter->handleRequest(null, Object(Config\Cache), false)
14 FCPATH/index.php(55): CodeIgniter\CodeIgniter->run()
15 SYSTEMPATH/Commands/Server/rewrite.php(43): require_once('FCPATH/index.php')
CRITICAL - 2022-06-25 02:15:16 --> Undefined property: CodeIgniter\View\View::$uri
in APPPATH/Views/layouts/content-header.php on line 6.
 1 APPPATH/Views/layouts/content-header.php(6): CodeIgniter\Debug\Exceptions->errorHandler(2, 'Undefined property: CodeIgniter\\View\\View::$uri', 'APPPATH/Views/layouts/content-header.php', 6)
 2 SYSTEMPATH/View/View.php(213): include('APPPATH/Views/layouts/content-header.php')
 3 SYSTEMPATH/View/View.php(216): CodeIgniter\View\View->CodeIgniter\View\{closure}()
 4 SYSTEMPATH/View/View.php(429): CodeIgniter\View\View->render('layouts/content-header', null, true)
 5 APPPATH/Views/layouts/templates.php(40): CodeIgniter\View\View->include('layouts/content-header')
 6 SYSTEMPATH/View/View.php(213): include('APPPATH/Views/layouts/templates.php')
 7 SYSTEMPATH/View/View.php(216): CodeIgniter\View\View->CodeIgniter\View\{closure}()
 8 SYSTEMPATH/View/View.php(229): CodeIgniter\View\View->render('layouts/templates', [], true)
 9 SYSTEMPATH/Common.php(1135): CodeIgniter\View\View->render('pages/kegiatan', [], true)
10 APPPATH/Controllers/Kegiatan.php(11): view('pages/kegiatan')
11 SYSTEMPATH/CodeIgniter.php(896): App\Controllers\Kegiatan->index()
12 SYSTEMPATH/CodeIgniter.php(466): CodeIgniter\CodeIgniter->runController(Object(App\Controllers\Kegiatan))
13 SYSTEMPATH/CodeIgniter.php(349): CodeIgniter\CodeIgniter->handleRequest(null, Object(Config\Cache), false)
14 FCPATH/index.php(55): CodeIgniter\CodeIgniter->run()
15 SYSTEMPATH/Commands/Server/rewrite.php(43): require_once('FCPATH/index.php')
CRITICAL - 2022-06-25 02:20:23 --> Array to string conversion
in APPPATH/Views/layouts/content-header.php on line 6.
 1 APPPATH/Views/layouts/content-header.php(6): CodeIgniter\Debug\Exceptions->errorHandler(2, 'Array to string conversion', 'APPPATH/Views/layouts/content-header.php', 6)
 2 SYSTEMPATH/View/View.php(213): include('APPPATH/Views/layouts/content-header.php')
 3 SYSTEMPATH/View/View.php(216): CodeIgniter\View\View->CodeIgniter\View\{closure}()
 4 SYSTEMPATH/View/View.php(429): CodeIgniter\View\View->render('layouts/content-header', null, true)
 5 APPPATH/Views/layouts/templates.php(40): CodeIgniter\View\View->include('layouts/content-header')
 6 SYSTEMPATH/View/View.php(213): include('APPPATH/Views/layouts/templates.php')
 7 SYSTEMPATH/View/View.php(216): CodeIgniter\View\View->CodeIgniter\View\{closure}()
 8 SYSTEMPATH/View/View.php(229): CodeIgniter\View\View->render('layouts/templates', [], true)
 9 SYSTEMPATH/Common.php(1135): CodeIgniter\View\View->render('pages/kegiatan', [], true)
10 APPPATH/Controllers/Kegiatan.php(11): view('pages/kegiatan')
11 SYSTEMPATH/CodeIgniter.php(896): App\Controllers\Kegiatan->index()
12 SYSTEMPATH/CodeIgniter.php(466): CodeIgniter\CodeIgniter->runController(Object(App\Controllers\Kegiatan))
13 SYSTEMPATH/CodeIgniter.php(349): CodeIgniter\CodeIgniter->handleRequest(null, Object(Config\Cache), false)
14 FCPATH/index.php(55): CodeIgniter\CodeIgniter->run()
15 SYSTEMPATH/Commands/Server/rewrite.php(43): require_once('FCPATH/index.php')
CRITICAL - 2022-06-25 02:21:26 --> View themes, no current section.
in SYSTEMPATH/View/View.php on line 392.
 1 APPPATH/Views/pages/master/jenis_kegiatan.php(96): CodeIgniter\View\View->endSection()
 2 SYSTEMPATH/View/View.php(213): include('APPPATH/Views/pages/master/jenis_kegiatan.php')
 3 SYSTEMPATH/View/View.php(216): CodeIgniter\View\View->CodeIgniter\View\{closure}()
 4 SYSTEMPATH/Common.php(1135): CodeIgniter\View\View->render('pages/master/jenis_kegiatan', [], true)
 5 APPPATH/Controllers/JenisKegiatan.php(11): view('pages/master/jenis_kegiatan')
 6 SYSTEMPATH/CodeIgniter.php(896): App\Controllers\JenisKegiatan->index()
 7 SYSTEMPATH/CodeIgniter.php(466): CodeIgniter\CodeIgniter->runController(Object(App\Controllers\JenisKegiatan))
 8 SYSTEMPATH/CodeIgniter.php(349): CodeIgniter\CodeIgniter->handleRequest(null, Object(Config\Cache), false)
 9 FCPATH/index.php(55): CodeIgniter\CodeIgniter->run()
10 SYSTEMPATH/Commands/Server/rewrite.php(43): require_once('FCPATH/index.php')
CRITICAL - 2022-06-25 02:22:19 --> View themes, no current section.
in SYSTEMPATH/View/View.php on line 392.
 1 APPPATH/Views/pages/master/jenis_kegiatan.php(96): CodeIgniter\View\View->endSection()
 2 SYSTEMPATH/View/View.php(213): include('APPPATH/Views/pages/master/jenis_kegiatan.php')
 3 SYSTEMPATH/View/View.php(216): CodeIgniter\View\View->CodeIgniter\View\{closure}()
 4 SYSTEMPATH/Common.php(1135): CodeIgniter\View\View->render('pages/master/jenis_kegiatan', [], true)
 5 APPPATH/Controllers/JenisKegiatan.php(11): view('pages/master/jenis_kegiatan')
 6 SYSTEMPATH/CodeIgniter.php(896): App\Controllers\JenisKegiatan->index()
 7 SYSTEMPATH/CodeIgniter.php(466): CodeIgniter\CodeIgniter->runController(Object(App\Controllers\JenisKegiatan))
 8 SYSTEMPATH/CodeIgniter.php(349): CodeIgniter\CodeIgniter->handleRequest(null, Object(Config\Cache), false)
 9 FCPATH/index.php(55): CodeIgniter\CodeIgniter->run()
10 SYSTEMPATH/Commands/Server/rewrite.php(43): require_once('FCPATH/index.php')
CRITICAL - 2022-06-25 02:24:19 --> View themes, no current section.
in SYSTEMPATH/View/View.php on line 392.
 1 APPPATH/Views/pages/master/jenis_kegiatan.php(96): CodeIgniter\View\View->endSection()
 2 SYSTEMPATH/View/View.php(213): include('APPPATH/Views/pages/master/jenis_kegiatan.php')
 3 SYSTEMPATH/View/View.php(216): CodeIgniter\View\View->CodeIgniter\View\{closure}()
 4 SYSTEMPATH/Common.php(1135): CodeIgniter\View\View->render('pages/master/jenis_kegiatan', [], true)
 5 APPPATH/Controllers/JenisKegiatan.php(11): view('pages/master/jenis_kegiatan')
 6 SYSTEMPATH/CodeIgniter.php(896): App\Controllers\JenisKegiatan->index()
 7 SYSTEMPATH/CodeIgniter.php(466): CodeIgniter\CodeIgniter->runController(Object(App\Controllers\JenisKegiatan))
 8 SYSTEMPATH/CodeIgniter.php(349): CodeIgniter\CodeIgniter->handleRequest(null, Object(Config\Cache), false)
 9 FCPATH/index.php(55): CodeIgniter\CodeIgniter->run()
10 SYSTEMPATH/Commands/Server/rewrite.php(43): require_once('FCPATH/index.php')
CRITICAL - 2022-06-25 02:24:52 --> View themes, no current section.
in SYSTEMPATH/View/View.php on line 392.
 1 APPPATH/Views/pages/master/jenis_kegiatan.php(96): CodeIgniter\View\View->endSection()
 2 SYSTEMPATH/View/View.php(213): include('APPPATH/Views/pages/master/jenis_kegiatan.php')
 3 SYSTEMPATH/View/View.php(216): CodeIgniter\View\View->CodeIgniter\View\{closure}()
 4 SYSTEMPATH/Common.php(1135): CodeIgniter\View\View->render('pages/master/jenis_kegiatan', [], true)
 5 APPPATH/Controllers/JenisKegiatan.php(11): view('pages/master/jenis_kegiatan')
 6 SYSTEMPATH/CodeIgniter.php(896): App\Controllers\JenisKegiatan->index()
 7 SYSTEMPATH/CodeIgniter.php(466): CodeIgniter\CodeIgniter->runController(Object(App\Controllers\JenisKegiatan))
 8 SYSTEMPATH/CodeIgniter.php(349): CodeIgniter\CodeIgniter->handleRequest(null, Object(Config\Cache), false)
 9 FCPATH/index.php(55): CodeIgniter\CodeIgniter->run()
10 SYSTEMPATH/Commands/Server/rewrite.php(43): require_once('FCPATH/index.php')
ERROR - 2022-06-25 02:42:49 --> Unknown column 'name' in 'field list'
CRITICAL - 2022-06-25 02:57:06 --> Invalid file: pages/master/kategori_peserta/index.php
in SYSTEMPATH/Exceptions/FrameworkException.php on line 33.
 1 SYSTEMPATH/View/View.php(201): CodeIgniter\Exceptions\FrameworkException::forInvalidFile('pages/master/kategori_peserta/index.php')
 2 SYSTEMPATH/Common.php(1135): CodeIgniter\View\View->render('pages/master/kategori_peserta/index', [], true)
 3 APPPATH/Controllers/KategoriPeserta.php(11): view('pages/master/kategori_peserta/index')
 4 SYSTEMPATH/CodeIgniter.php(896): App\Controllers\KategoriPeserta->index()
 5 SYSTEMPATH/CodeIgniter.php(466): CodeIgniter\CodeIgniter->runController(Object(App\Controllers\KategoriPeserta))
 6 SYSTEMPATH/CodeIgniter.php(349): CodeIgniter\CodeIgniter->handleRequest(null, Object(Config\Cache), false)
 7 FCPATH/index.php(55): CodeIgniter\CodeIgniter->run()
 8 SYSTEMPATH/Commands/Server/rewrite.php(43): require_once('FCPATH/index.php')
CRITICAL - 2022-06-25 03:00:06 --> Invalid file: pegawai/index.php
in SYSTEMPATH/Exceptions/FrameworkException.php on line 33.
 1 SYSTEMPATH/View/View.php(201): CodeIgniter\Exceptions\FrameworkException::forInvalidFile('pegawai/index.php')
 2 SYSTEMPATH/Common.php(1135): CodeIgniter\View\View->render('pegawai/index', [], true)
 3 APPPATH/Controllers/KategoriPeserta.php(21): view('pegawai/index', [...])
 4 SYSTEMPATH/CodeIgniter.php(896): App\Controllers\KategoriPeserta->index()
 5 SYSTEMPATH/CodeIgniter.php(466): CodeIgniter\CodeIgniter->runController(Object(App\Controllers\KategoriPeserta))
 6 SYSTEMPATH/CodeIgniter.php(349): CodeIgniter\CodeIgniter->handleRequest(null, Object(Config\Cache), false)
 7 FCPATH/index.php(55): CodeIgniter\CodeIgniter->run()
 8 SYSTEMPATH/Commands/Server/rewrite.php(43): require_once('FCPATH/index.php')
CRITICAL - 2022-06-25 03:01:20 --> Undefined variable $data
in APPPATH/Views/pages/master/kategori-peserta/index.php on line 7.
 1 APPPATH/Views/pages/master/kategori-peserta/index.php(7): CodeIgniter\Debug\Exceptions->errorHandler(2, 'Undefined variable $data', 'APPPATH/Views/pages/master/kategori-peserta/index.php', 7)
 2 SYSTEMPATH/View/View.php(213): include('APPPATH/Views/pages/master/kategori-peserta/index.php')
 3 SYSTEMPATH/View/View.php(216): CodeIgniter\View\View->CodeIgniter\View\{closure}()
 4 SYSTEMPATH/Common.php(1135): CodeIgniter\View\View->render('pages/master/kategori-peserta/index', [], true)
 5 APPPATH/Controllers/KategoriPeserta.php(22): view('pages/master/kategori-peserta/index', [...])
 6 SYSTEMPATH/CodeIgniter.php(896): App\Controllers\KategoriPeserta->index()
 7 SYSTEMPATH/CodeIgniter.php(466): CodeIgniter\CodeIgniter->runController(Object(App\Controllers\KategoriPeserta))
 8 SYSTEMPATH/CodeIgniter.php(349): CodeIgniter\CodeIgniter->handleRequest(null, Object(Config\Cache), false)
 9 FCPATH/index.php(55): CodeIgniter\CodeIgniter->run()
10 SYSTEMPATH/Commands/Server/rewrite.php(43): require_once('FCPATH/index.php')
CRITICAL - 2022-06-25 03:01:42 --> Undefined variable $data
in APPPATH/Views/pages/master/kategori-peserta/index.php on line 7.
 1 APPPATH/Views/pages/master/kategori-peserta/index.php(7): CodeIgniter\Debug\Exceptions->errorHandler(2, 'Undefined variable $data', 'APPPATH/Views/pages/master/kategori-peserta/index.php', 7)
 2 SYSTEMPATH/View/View.php(213): include('APPPATH/Views/pages/master/kategori-peserta/index.php')
 3 SYSTEMPATH/View/View.php(216): CodeIgniter\View\View->CodeIgniter\View\{closure}()
 4 SYSTEMPATH/Common.php(1135): CodeIgniter\View\View->render('pages/master/kategori-peserta/index', [], true)
 5 APPPATH/Controllers/KategoriPeserta.php(22): view('pages/master/kategori-peserta/index', [...])
 6 SYSTEMPATH/CodeIgniter.php(896): App\Controllers\KategoriPeserta->index()
 7 SYSTEMPATH/CodeIgniter.php(466): CodeIgniter\CodeIgniter->runController(Object(App\Controllers\KategoriPeserta))
 8 SYSTEMPATH/CodeIgniter.php(349): CodeIgniter\CodeIgniter->handleRequest(null, Object(Config\Cache), false)
 9 FCPATH/index.php(55): CodeIgniter\CodeIgniter->run()
10 SYSTEMPATH/Commands/Server/rewrite.php(43): require_once('FCPATH/index.php')
CRITICAL - 2022-06-25 03:03:10 --> Array to string conversion
in APPPATH/Views/pages/master/kategori-peserta/index.php on line 6.
 1 APPPATH/Views/pages/master/kategori-peserta/index.php(6): CodeIgniter\Debug\Exceptions->errorHandler(2, 'Array to string conversion', 'APPPATH/Views/pages/master/kategori-peserta/index.php', 6)
 2 SYSTEMPATH/View/View.php(213): include('APPPATH/Views/pages/master/kategori-peserta/index.php')
 3 SYSTEMPATH/View/View.php(216): CodeIgniter\View\View->CodeIgniter\View\{closure}()
 4 SYSTEMPATH/Common.php(1135): CodeIgniter\View\View->render('pages/master/kategori-peserta/index', [], true)
 5 APPPATH/Controllers/KategoriPeserta.php(22): view('pages/master/kategori-peserta/index', [...])
 6 SYSTEMPATH/CodeIgniter.php(896): App\Controllers\KategoriPeserta->index()
 7 SYSTEMPATH/CodeIgniter.php(466): CodeIgniter\CodeIgniter->runController(Object(App\Controllers\KategoriPeserta))
 8 SYSTEMPATH/CodeIgniter.php(349): CodeIgniter\CodeIgniter->handleRequest(null, Object(Config\Cache), false)
 9 FCPATH/index.php(55): CodeIgniter\CodeIgniter->run()
10 SYSTEMPATH/Commands/Server/rewrite.php(43): require_once('FCPATH/index.php')
CRITICAL - 2022-06-25 03:06:49 --> Attempt to read property "nama" on array
in APPPATH/Views/pages/master/kategori-peserta/index.php on line 43.
 1 APPPATH/Views/pages/master/kategori-peserta/index.php(43): CodeIgniter\Debug\Exceptions->errorHandler(2, 'Attempt to read property "nama" on array', 'APPPATH/Views/pages/master/kategori-peserta/index.php', 43)
 2 SYSTEMPATH/View/View.php(213): include('APPPATH/Views/pages/master/kategori-peserta/index.php')
 3 SYSTEMPATH/View/View.php(216): CodeIgniter\View\View->CodeIgniter\View\{closure}()
 4 SYSTEMPATH/Common.php(1135): CodeIgniter\View\View->render('pages/master/kategori-peserta/index', [], true)
 5 APPPATH/Controllers/KategoriPeserta.php(22): view('pages/master/kategori-peserta/index', [...])
 6 SYSTEMPATH/CodeIgniter.php(896): App\Controllers\KategoriPeserta->index()
 7 SYSTEMPATH/CodeIgniter.php(466): CodeIgniter\CodeIgniter->runController(Object(App\Controllers\KategoriPeserta))
 8 SYSTEMPATH/CodeIgniter.php(349): CodeIgniter\CodeIgniter->handleRequest(null, Object(Config\Cache), false)
 9 FCPATH/index.php(55): CodeIgniter\CodeIgniter->run()
10 SYSTEMPATH/Commands/Server/rewrite.php(43): require_once('FCPATH/index.php')
CRITICAL - 2022-06-25 03:06:55 --> Attempt to read property "name" on array
in APPPATH/Views/pages/master/kategori-peserta/index.php on line 43.
 1 APPPATH/Views/pages/master/kategori-peserta/index.php(43): CodeIgniter\Debug\Exceptions->errorHandler(2, 'Attempt to read property "name" on array', 'APPPATH/Views/pages/master/kategori-peserta/index.php', 43)
 2 SYSTEMPATH/View/View.php(213): include('APPPATH/Views/pages/master/kategori-peserta/index.php')
 3 SYSTEMPATH/View/View.php(216): CodeIgniter\View\View->CodeIgniter\View\{closure}()
 4 SYSTEMPATH/Common.php(1135): CodeIgniter\View\View->render('pages/master/kategori-peserta/index', [], true)
 5 APPPATH/Controllers/KategoriPeserta.php(22): view('pages/master/kategori-peserta/index', [...])
 6 SYSTEMPATH/CodeIgniter.php(896): App\Controllers\KategoriPeserta->index()
 7 SYSTEMPATH/CodeIgniter.php(466): CodeIgniter\CodeIgniter->runController(Object(App\Controllers\KategoriPeserta))
 8 SYSTEMPATH/CodeIgniter.php(349): CodeIgniter\CodeIgniter->handleRequest(null, Object(Config\Cache), false)
 9 FCPATH/index.php(55): CodeIgniter\CodeIgniter->run()
10 SYSTEMPATH/Commands/Server/rewrite.php(43): require_once('FCPATH/index.php')
CRITICAL - 2022-06-25 03:07:01 --> Array to string conversion
in APPPATH/Views/pages/master/kategori-peserta/index.php on line 43.
 1 APPPATH/Views/pages/master/kategori-peserta/index.php(43): CodeIgniter\Debug\Exceptions->errorHandler(2, 'Array to string conversion', 'APPPATH/Views/pages/master/kategori-peserta/index.php', 43)
 2 SYSTEMPATH/View/View.php(213): include('APPPATH/Views/pages/master/kategori-peserta/index.php')
 3 SYSTEMPATH/View/View.php(216): CodeIgniter\View\View->CodeIgniter\View\{closure}()
 4 SYSTEMPATH/Common.php(1135): CodeIgniter\View\View->render('pages/master/kategori-peserta/index', [], true)
 5 APPPATH/Controllers/KategoriPeserta.php(22): view('pages/master/kategori-peserta/index', [...])
 6 SYSTEMPATH/CodeIgniter.php(896): App\Controllers\KategoriPeserta->index()
 7 SYSTEMPATH/CodeIgniter.php(466): CodeIgniter\CodeIgniter->runController(Object(App\Controllers\KategoriPeserta))
 8 SYSTEMPATH/CodeIgniter.php(349): CodeIgniter\CodeIgniter->handleRequest(null, Object(Config\Cache), false)
 9 FCPATH/index.php(55): CodeIgniter\CodeIgniter->run()
10 SYSTEMPATH/Commands/Server/rewrite.php(43): require_once('FCPATH/index.php')
CRITICAL - 2022-06-25 03:07:17 --> Attempt to read property "nama" on array
in APPPATH/Views/pages/master/kategori-peserta/index.php on line 43.
 1 APPPATH/Views/pages/master/kategori-peserta/index.php(43): CodeIgniter\Debug\Exceptions->errorHandler(2, 'Attempt to read property "nama" on array', 'APPPATH/Views/pages/master/kategori-peserta/index.php', 43)
 2 SYSTEMPATH/View/View.php(213): include('APPPATH/Views/pages/master/kategori-peserta/index.php')
 3 SYSTEMPATH/View/View.php(216): CodeIgniter\View\View->CodeIgniter\View\{closure}()
 4 SYSTEMPATH/Common.php(1135): CodeIgniter\View\View->render('pages/master/kategori-peserta/index', [], true)
 5 APPPATH/Controllers/KategoriPeserta.php(22): view('pages/master/kategori-peserta/index', [...])
 6 SYSTEMPATH/CodeIgniter.php(896): App\Controllers\KategoriPeserta->index()
 7 SYSTEMPATH/CodeIgniter.php(466): CodeIgniter\CodeIgniter->runController(Object(App\Controllers\KategoriPeserta))
 8 SYSTEMPATH/CodeIgniter.php(349): CodeIgniter\CodeIgniter->handleRequest(null, Object(Config\Cache), false)
 9 FCPATH/index.php(55): CodeIgniter\CodeIgniter->run()
10 SYSTEMPATH/Commands/Server/rewrite.php(43): require_once('FCPATH/index.php')
CRITICAL - 2022-06-25 03:07:33 --> Attempt to read property "nama" on array
in APPPATH/Views/pages/master/kategori-peserta/index.php on line 43.
 1 APPPATH/Views/pages/master/kategori-peserta/index.php(43): CodeIgniter\Debug\Exceptions->errorHandler(2, 'Attempt to read property "nama" on array', 'APPPATH/Views/pages/master/kategori-peserta/index.php', 43)
 2 SYSTEMPATH/View/View.php(213): include('APPPATH/Views/pages/master/kategori-peserta/index.php')
 3 SYSTEMPATH/View/View.php(216): CodeIgniter\View\View->CodeIgniter\View\{closure}()
 4 SYSTEMPATH/Common.php(1135): CodeIgniter\View\View->render('pages/master/kategori-peserta/index', [], true)
 5 APPPATH/Controllers/KategoriPeserta.php(22): view('pages/master/kategori-peserta/index', [...])
 6 SYSTEMPATH/CodeIgniter.php(896): App\Controllers\KategoriPeserta->index()
 7 SYSTEMPATH/CodeIgniter.php(466): CodeIgniter\CodeIgniter->runController(Object(App\Controllers\KategoriPeserta))
 8 SYSTEMPATH/CodeIgniter.php(349): CodeIgniter\CodeIgniter->handleRequest(null, Object(Config\Cache), false)
 9 FCPATH/index.php(55): CodeIgniter\CodeIgniter->run()
10 SYSTEMPATH/Commands/Server/rewrite.php(43): require_once('FCPATH/index.php')
CRITICAL - 2022-06-25 03:07:34 --> Attempt to read property "nama" on array
in APPPATH/Views/pages/master/kategori-peserta/index.php on line 43.
 1 APPPATH/Views/pages/master/kategori-peserta/index.php(43): CodeIgniter\Debug\Exceptions->errorHandler(2, 'Attempt to read property "nama" on array', 'APPPATH/Views/pages/master/kategori-peserta/index.php', 43)
 2 SYSTEMPATH/View/View.php(213): include('APPPATH/Views/pages/master/kategori-peserta/index.php')
 3 SYSTEMPATH/View/View.php(216): CodeIgniter\View\View->CodeIgniter\View\{closure}()
 4 SYSTEMPATH/Common.php(1135): CodeIgniter\View\View->render('pages/master/kategori-peserta/index', [], true)
 5 APPPATH/Controllers/KategoriPeserta.php(22): view('pages/master/kategori-peserta/index', [...])
 6 SYSTEMPATH/CodeIgniter.php(896): App\Controllers\KategoriPeserta->index()
 7 SYSTEMPATH/CodeIgniter.php(466): CodeIgniter\CodeIgniter->runController(Object(App\Controllers\KategoriPeserta))
 8 SYSTEMPATH/CodeIgniter.php(349): CodeIgniter\CodeIgniter->handleRequest(null, Object(Config\Cache), false)
 9 FCPATH/index.php(55): CodeIgniter\CodeIgniter->run()
10 SYSTEMPATH/Commands/Server/rewrite.php(43): require_once('FCPATH/index.php')
CRITICAL - 2022-06-25 03:07:35 --> Attempt to read property "nama" on array
in APPPATH/Views/pages/master/kategori-peserta/index.php on line 43.
 1 APPPATH/Views/pages/master/kategori-peserta/index.php(43): CodeIgniter\Debug\Exceptions->errorHandler(2, 'Attempt to read property "nama" on array', 'APPPATH/Views/pages/master/kategori-peserta/index.php', 43)
 2 SYSTEMPATH/View/View.php(213): include('APPPATH/Views/pages/master/kategori-peserta/index.php')
 3 SYSTEMPATH/View/View.php(216): CodeIgniter\View\View->CodeIgniter\View\{closure}()
 4 SYSTEMPATH/Common.php(1135): CodeIgniter\View\View->render('pages/master/kategori-peserta/index', [], true)
 5 APPPATH/Controllers/KategoriPeserta.php(22): view('pages/master/kategori-peserta/index', [...])
 6 SYSTEMPATH/CodeIgniter.php(896): App\Controllers\KategoriPeserta->index()
 7 SYSTEMPATH/CodeIgniter.php(466): CodeIgniter\CodeIgniter->runController(Object(App\Controllers\KategoriPeserta))
 8 SYSTEMPATH/CodeIgniter.php(349): CodeIgniter\CodeIgniter->handleRequest(null, Object(Config\Cache), false)
 9 FCPATH/index.php(55): CodeIgniter\CodeIgniter->run()
10 SYSTEMPATH/Commands/Server/rewrite.php(43): require_once('FCPATH/index.php')
CRITICAL - 2022-06-25 03:08:58 --> Attempt to read property "nama" on array
in APPPATH/Views/pages/master/kategori-peserta/index.php on line 43.
 1 APPPATH/Views/pages/master/kategori-peserta/index.php(43): CodeIgniter\Debug\Exceptions->errorHandler(2, 'Attempt to read property "nama" on array', 'APPPATH/Views/pages/master/kategori-peserta/index.php', 43)
 2 SYSTEMPATH/View/View.php(213): include('APPPATH/Views/pages/master/kategori-peserta/index.php')
 3 SYSTEMPATH/View/View.php(216): CodeIgniter\View\View->CodeIgniter\View\{closure}()
 4 SYSTEMPATH/Common.php(1135): CodeIgniter\View\View->render('pages/master/kategori-peserta/index', [], true)
 5 APPPATH/Controllers/KategoriPeserta.php(22): view('pages/master/kategori-peserta/index', [...])
 6 SYSTEMPATH/CodeIgniter.php(896): App\Controllers\KategoriPeserta->index()
 7 SYSTEMPATH/CodeIgniter.php(466): CodeIgniter\CodeIgniter->runController(Object(App\Controllers\KategoriPeserta))
 8 SYSTEMPATH/CodeIgniter.php(349): CodeIgniter\CodeIgniter->handleRequest(null, Object(Config\Cache), false)
 9 FCPATH/index.php(55): CodeIgniter\CodeIgniter->run()
10 SYSTEMPATH/Commands/Server/rewrite.php(43): require_once('FCPATH/index.php')
CRITICAL - 2022-06-25 03:09:07 --> Attempt to read property "nama" on array
in APPPATH/Views/pages/master/kategori-peserta/index.php on line 43.
 1 APPPATH/Views/pages/master/kategori-peserta/index.php(43): CodeIgniter\Debug\Exceptions->errorHandler(2, 'Attempt to read property "nama" on array', 'APPPATH/Views/pages/master/kategori-peserta/index.php', 43)
 2 SYSTEMPATH/View/View.php(213): include('APPPATH/Views/pages/master/kategori-peserta/index.php')
 3 SYSTEMPATH/View/View.php(216): CodeIgniter\View\View->CodeIgniter\View\{closure}()
 4 SYSTEMPATH/Common.php(1135): CodeIgniter\View\View->render('pages/master/kategori-peserta/index', [], true)
 5 APPPATH/Controllers/KategoriPeserta.php(22): view('pages/master/kategori-peserta/index', [...])
 6 SYSTEMPATH/CodeIgniter.php(896): App\Controllers\KategoriPeserta->index()
 7 SYSTEMPATH/CodeIgniter.php(466): CodeIgniter\CodeIgniter->runController(Object(App\Controllers\KategoriPeserta))
 8 SYSTEMPATH/CodeIgniter.php(349): CodeIgniter\CodeIgniter->handleRequest(null, Object(Config\Cache), false)
 9 FCPATH/index.php(55): CodeIgniter\CodeIgniter->run()
10 SYSTEMPATH/Commands/Server/rewrite.php(43): require_once('FCPATH/index.php')
CRITICAL - 2022-06-25 03:09:07 --> Attempt to read property "nama" on array
in APPPATH/Views/pages/master/kategori-peserta/index.php on line 43.
 1 APPPATH/Views/pages/master/kategori-peserta/index.php(43): CodeIgniter\Debug\Exceptions->errorHandler(2, 'Attempt to read property "nama" on array', 'APPPATH/Views/pages/master/kategori-peserta/index.php', 43)
 2 SYSTEMPATH/View/View.php(213): include('APPPATH/Views/pages/master/kategori-peserta/index.php')
 3 SYSTEMPATH/View/View.php(216): CodeIgniter\View\View->CodeIgniter\View\{closure}()
 4 SYSTEMPATH/Common.php(1135): CodeIgniter\View\View->render('pages/master/kategori-peserta/index', [], true)
 5 APPPATH/Controllers/KategoriPeserta.php(22): view('pages/master/kategori-peserta/index', [...])
 6 SYSTEMPATH/CodeIgniter.php(896): App\Controllers\KategoriPeserta->index()
 7 SYSTEMPATH/CodeIgniter.php(466): CodeIgniter\CodeIgniter->runController(Object(App\Controllers\KategoriPeserta))
 8 SYSTEMPATH/CodeIgniter.php(349): CodeIgniter\CodeIgniter->handleRequest(null, Object(Config\Cache), false)
 9 FCPATH/index.php(55): CodeIgniter\CodeIgniter->run()
10 SYSTEMPATH/Commands/Server/rewrite.php(43): require_once('FCPATH/index.php')
CRITICAL - 2022-06-25 03:10:56 --> Attempt to read property "nama" on array
in APPPATH/Views/pages/master/kategori-peserta/index.php on line 43.
 1 APPPATH/Views/pages/master/kategori-peserta/index.php(43): CodeIgniter\Debug\Exceptions->errorHandler(2, 'Attempt to read property "nama" on array', 'APPPATH/Views/pages/master/kategori-peserta/index.php', 43)
 2 SYSTEMPATH/View/View.php(213): include('APPPATH/Views/pages/master/kategori-peserta/index.php')
 3 SYSTEMPATH/View/View.php(216): CodeIgniter\View\View->CodeIgniter\View\{closure}()
 4 SYSTEMPATH/Common.php(1135): CodeIgniter\View\View->render('pages/master/kategori-peserta/index', [], true)
 5 APPPATH/Controllers/KategoriPeserta.php(22): view('pages/master/kategori-peserta/index', [...])
 6 SYSTEMPATH/CodeIgniter.php(896): App\Controllers\KategoriPeserta->index()
 7 SYSTEMPATH/CodeIgniter.php(466): CodeIgniter\CodeIgniter->runController(Object(App\Controllers\KategoriPeserta))
 8 SYSTEMPATH/CodeIgniter.php(349): CodeIgniter\CodeIgniter->handleRequest(null, Object(Config\Cache), false)
 9 FCPATH/index.php(55): CodeIgniter\CodeIgniter->run()
10 SYSTEMPATH/Commands/Server/rewrite.php(43): require_once('FCPATH/index.php')
CRITICAL - 2022-06-25 03:11:37 --> Attempt to read property "nama" on array
in APPPATH/Views/pages/master/kategori-peserta/index.php on line 44.
 1 APPPATH/Views/pages/master/kategori-peserta/index.php(44): CodeIgniter\Debug\Exceptions->errorHandler(2, 'Attempt to read property "nama" on array', 'APPPATH/Views/pages/master/kategori-peserta/index.php', 44)
 2 SYSTEMPATH/View/View.php(213): include('APPPATH/Views/pages/master/kategori-peserta/index.php')
 3 SYSTEMPATH/View/View.php(216): CodeIgniter\View\View->CodeIgniter\View\{closure}()
 4 SYSTEMPATH/Common.php(1135): CodeIgniter\View\View->render('pages/master/kategori-peserta/index', [], true)
 5 APPPATH/Controllers/KategoriPeserta.php(22): view('pages/master/kategori-peserta/index', [...])
 6 SYSTEMPATH/CodeIgniter.php(896): App\Controllers\KategoriPeserta->index()
 7 SYSTEMPATH/CodeIgniter.php(466): CodeIgniter\CodeIgniter->runController(Object(App\Controllers\KategoriPeserta))
 8 SYSTEMPATH/CodeIgniter.php(349): CodeIgniter\CodeIgniter->handleRequest(null, Object(Config\Cache), false)
 9 FCPATH/index.php(55): CodeIgniter\CodeIgniter->run()
10 SYSTEMPATH/Commands/Server/rewrite.php(43): require_once('FCPATH/index.php')
CRITICAL - 2022-06-25 03:11:52 --> Array to string conversion
in APPPATH/Views/pages/master/kategori-peserta/index.php on line 36.
 1 APPPATH/Views/pages/master/kategori-peserta/index.php(36): CodeIgniter\Debug\Exceptions->errorHandler(2, 'Array to string conversion', 'APPPATH/Views/pages/master/kategori-peserta/index.php', 36)
 2 SYSTEMPATH/View/View.php(213): include('APPPATH/Views/pages/master/kategori-peserta/index.php')
 3 SYSTEMPATH/View/View.php(216): CodeIgniter\View\View->CodeIgniter\View\{closure}()
 4 SYSTEMPATH/Common.php(1135): CodeIgniter\View\View->render('pages/master/kategori-peserta/index', [], true)
 5 APPPATH/Controllers/KategoriPeserta.php(22): view('pages/master/kategori-peserta/index', [...])
 6 SYSTEMPATH/CodeIgniter.php(896): App\Controllers\KategoriPeserta->index()
 7 SYSTEMPATH/CodeIgniter.php(466): CodeIgniter\CodeIgniter->runController(Object(App\Controllers\KategoriPeserta))
 8 SYSTEMPATH/CodeIgniter.php(349): CodeIgniter\CodeIgniter->handleRequest(null, Object(Config\Cache), false)
 9 FCPATH/index.php(55): CodeIgniter\CodeIgniter->run()
10 SYSTEMPATH/Commands/Server/rewrite.php(43): require_once('FCPATH/index.php')
CRITICAL - 2022-06-25 03:12:06 --> Attempt to read property "nama" on array
in APPPATH/Views/pages/master/kategori-peserta/index.php on line 44.
 1 APPPATH/Views/pages/master/kategori-peserta/index.php(44): CodeIgniter\Debug\Exceptions->errorHandler(2, 'Attempt to read property "nama" on array', 'APPPATH/Views/pages/master/kategori-peserta/index.php', 44)
 2 SYSTEMPATH/View/View.php(213): include('APPPATH/Views/pages/master/kategori-peserta/index.php')
 3 SYSTEMPATH/View/View.php(216): CodeIgniter\View\View->CodeIgniter\View\{closure}()
 4 SYSTEMPATH/Common.php(1135): CodeIgniter\View\View->render('pages/master/kategori-peserta/index', [], true)
 5 APPPATH/Controllers/KategoriPeserta.php(22): view('pages/master/kategori-peserta/index', [...])
 6 SYSTEMPATH/CodeIgniter.php(896): App\Controllers\KategoriPeserta->index()
 7 SYSTEMPATH/CodeIgniter.php(466): CodeIgniter\CodeIgniter->runController(Object(App\Controllers\KategoriPeserta))
 8 SYSTEMPATH/CodeIgniter.php(349): CodeIgniter\CodeIgniter->handleRequest(null, Object(Config\Cache), false)
 9 FCPATH/index.php(55): CodeIgniter\CodeIgniter->run()
10 SYSTEMPATH/Commands/Server/rewrite.php(43): require_once('FCPATH/index.php')
ERROR - 2022-06-25 03:44:22 --> Column 'nama' cannot be null
CRITICAL - 2022-06-25 03:44:22 --> Column 'nama' cannot be null
in SYSTEMPATH/Database/MySQLi/Connection.php on line 292.
 1 SYSTEMPATH/Database/MySQLi/Connection.php(292): mysqli->query('INSERT INTO `kategori_peserta` (`nama`, `created_at`, `updated_at`) VALUES (NULL, \'2022-06-25 03:44:22\', \'2022-06-25 03:44:22\')', 0)
 2 SYSTEMPATH/Database/BaseConnection.php(695): CodeIgniter\Database\MySQLi\Connection->execute('INSERT INTO `kategori_peserta` (`nama`, `created_at`, `updated_at`) VALUES (NULL, \'2022-06-25 03:44:22\', \'2022-06-25 03:44:22\')')
 3 SYSTEMPATH/Database/BaseConnection.php(609): CodeIgniter\Database\BaseConnection->simpleQuery('INSERT INTO `kategori_peserta` (`nama`, `created_at`, `updated_at`) VALUES (NULL, \'2022-06-25 03:44:22\', \'2022-06-25 03:44:22\')')
 4 SYSTEMPATH/Database/BaseBuilder.php(1904): CodeIgniter\Database\BaseConnection->query('INSERT INTO `kategori_peserta` (`nama`, `created_at`, `updated_at`) VALUES (:nama:, :created_at:, :updated_at:)', [...], false)
 5 SYSTEMPATH/Model.php(278): CodeIgniter\Database\BaseBuilder->insert()
 6 SYSTEMPATH/BaseModel.php(738): CodeIgniter\Model->doInsert([...])
 7 SYSTEMPATH/Model.php(666): CodeIgniter\BaseModel->insert([...], true)
 8 APPPATH/Controllers/KategoriPeserta.php(36): CodeIgniter\Model->insert([...])
 9 SYSTEMPATH/CodeIgniter.php(896): App\Controllers\KategoriPeserta->store()
10 SYSTEMPATH/CodeIgniter.php(466): CodeIgniter\CodeIgniter->runController(Object(App\Controllers\KategoriPeserta))
11 SYSTEMPATH/CodeIgniter.php(349): CodeIgniter\CodeIgniter->handleRequest(null, Object(Config\Cache), false)
12 FCPATH/index.php(55): CodeIgniter\CodeIgniter->run()
13 SYSTEMPATH/Commands/Server/rewrite.php(43): require_once('FCPATH/index.php')
ERROR - 2022-06-25 03:45:02 --> Column 'nama' cannot be null
CRITICAL - 2022-06-25 03:45:02 --> Column 'nama' cannot be null
in SYSTEMPATH/Database/MySQLi/Connection.php on line 292.
 1 SYSTEMPATH/Database/MySQLi/Connection.php(292): mysqli->query('INSERT INTO `kategori_peserta` (`nama`, `created_at`, `updated_at`) VALUES (NULL, \'2022-06-25 03:45:02\', \'2022-06-25 03:45:02\')', 0)
 2 SYSTEMPATH/Database/BaseConnection.php(695): CodeIgniter\Database\MySQLi\Connection->execute('INSERT INTO `kategori_peserta` (`nama`, `created_at`, `updated_at`) VALUES (NULL, \'2022-06-25 03:45:02\', \'2022-06-25 03:45:02\')')
 3 SYSTEMPATH/Database/BaseConnection.php(609): CodeIgniter\Database\BaseConnection->simpleQuery('INSERT INTO `kategori_peserta` (`nama`, `created_at`, `updated_at`) VALUES (NULL, \'2022-06-25 03:45:02\', \'2022-06-25 03:45:02\')')
 4 SYSTEMPATH/Database/BaseBuilder.php(1904): CodeIgniter\Database\BaseConnection->query('INSERT INTO `kategori_peserta` (`nama`, `created_at`, `updated_at`) VALUES (:nama:, :created_at:, :updated_at:)', [...], false)
 5 SYSTEMPATH/Model.php(278): CodeIgniter\Database\BaseBuilder->insert()
 6 SYSTEMPATH/BaseModel.php(738): CodeIgniter\Model->doInsert([...])
 7 SYSTEMPATH/Model.php(666): CodeIgniter\BaseModel->insert([...], true)
 8 APPPATH/Controllers/KategoriPeserta.php(36): CodeIgniter\Model->insert([...])
 9 SYSTEMPATH/CodeIgniter.php(896): App\Controllers\KategoriPeserta->store()
10 SYSTEMPATH/CodeIgniter.php(466): CodeIgniter\CodeIgniter->runController(Object(App\Controllers\KategoriPeserta))
11 SYSTEMPATH/CodeIgniter.php(349): CodeIgniter\CodeIgniter->handleRequest(null, Object(Config\Cache), false)
12 FCPATH/index.php(55): CodeIgniter\CodeIgniter->run()
13 SYSTEMPATH/Commands/Server/rewrite.php(43): require_once('FCPATH/index.php')
ERROR - 2022-06-25 03:45:05 --> Column 'nama' cannot be null
CRITICAL - 2022-06-25 03:45:05 --> Column 'nama' cannot be null
in SYSTEMPATH/Database/MySQLi/Connection.php on line 292.
 1 SYSTEMPATH/Database/MySQLi/Connection.php(292): mysqli->query('INSERT INTO `kategori_peserta` (`nama`, `created_at`, `updated_at`) VALUES (NULL, \'2022-06-25 03:45:05\', \'2022-06-25 03:45:05\')', 0)
 2 SYSTEMPATH/Database/BaseConnection.php(695): CodeIgniter\Database\MySQLi\Connection->execute('INSERT INTO `kategori_peserta` (`nama`, `created_at`, `updated_at`) VALUES (NULL, \'2022-06-25 03:45:05\', \'2022-06-25 03:45:05\')')
 3 SYSTEMPATH/Database/BaseConnection.php(609): CodeIgniter\Database\BaseConnection->simpleQuery('INSERT INTO `kategori_peserta` (`nama`, `created_at`, `updated_at`) VALUES (NULL, \'2022-06-25 03:45:05\', \'2022-06-25 03:45:05\')')
 4 SYSTEMPATH/Database/BaseBuilder.php(1904): CodeIgniter\Database\BaseConnection->query('INSERT INTO `kategori_peserta` (`nama`, `created_at`, `updated_at`) VALUES (:nama:, :created_at:, :updated_at:)', [...], false)
 5 SYSTEMPATH/Model.php(278): CodeIgniter\Database\BaseBuilder->insert()
 6 SYSTEMPATH/BaseModel.php(738): CodeIgniter\Model->doInsert([...])
 7 SYSTEMPATH/Model.php(666): CodeIgniter\BaseModel->insert([...], true)
 8 APPPATH/Controllers/KategoriPeserta.php(36): CodeIgniter\Model->insert([...])
 9 SYSTEMPATH/CodeIgniter.php(896): App\Controllers\KategoriPeserta->store()
10 SYSTEMPATH/CodeIgniter.php(466): CodeIgniter\CodeIgniter->runController(Object(App\Controllers\KategoriPeserta))
11 SYSTEMPATH/CodeIgniter.php(349): CodeIgniter\CodeIgniter->handleRequest(null, Object(Config\Cache), false)
12 FCPATH/index.php(55): CodeIgniter\CodeIgniter->run()
13 SYSTEMPATH/Commands/Server/rewrite.php(43): require_once('FCPATH/index.php')
ERROR - 2022-06-25 03:45:11 --> Column 'nama' cannot be null
CRITICAL - 2022-06-25 03:45:11 --> Column 'nama' cannot be null
in SYSTEMPATH/Database/MySQLi/Connection.php on line 292.
 1 SYSTEMPATH/Database/MySQLi/Connection.php(292): mysqli->query('INSERT INTO `kategori_peserta` (`nama`, `created_at`, `updated_at`) VALUES (NULL, \'2022-06-25 03:45:11\', \'2022-06-25 03:45:11\')', 0)
 2 SYSTEMPATH/Database/BaseConnection.php(695): CodeIgniter\Database\MySQLi\Connection->execute('INSERT INTO `kategori_peserta` (`nama`, `created_at`, `updated_at`) VALUES (NULL, \'2022-06-25 03:45:11\', \'2022-06-25 03:45:11\')')
 3 SYSTEMPATH/Database/BaseConnection.php(609): CodeIgniter\Database\BaseConnection->simpleQuery('INSERT INTO `kategori_peserta` (`nama`, `created_at`, `updated_at`) VALUES (NULL, \'2022-06-25 03:45:11\', \'2022-06-25 03:45:11\')')
 4 SYSTEMPATH/Database/BaseBuilder.php(1904): CodeIgniter\Database\BaseConnection->query('INSERT INTO `kategori_peserta` (`nama`, `created_at`, `updated_at`) VALUES (:nama:, :created_at:, :updated_at:)', [...], false)
 5 SYSTEMPATH/Model.php(278): CodeIgniter\Database\BaseBuilder->insert()
 6 SYSTEMPATH/BaseModel.php(738): CodeIgniter\Model->doInsert([...])
 7 SYSTEMPATH/Model.php(666): CodeIgniter\BaseModel->insert([...], true)
 8 APPPATH/Controllers/KategoriPeserta.php(36): CodeIgniter\Model->insert([...])
 9 SYSTEMPATH/CodeIgniter.php(896): App\Controllers\KategoriPeserta->store()
10 SYSTEMPATH/CodeIgniter.php(466): CodeIgniter\CodeIgniter->runController(Object(App\Controllers\KategoriPeserta))
11 SYSTEMPATH/CodeIgniter.php(349): CodeIgniter\CodeIgniter->handleRequest(null, Object(Config\Cache), false)
12 FCPATH/index.php(55): CodeIgniter\CodeIgniter->run()
13 SYSTEMPATH/Commands/Server/rewrite.php(43): require_once('FCPATH/index.php')
ERROR - 2022-06-25 03:45:18 --> Column 'nama' cannot be null
CRITICAL - 2022-06-25 03:45:18 --> Column 'nama' cannot be null
in SYSTEMPATH/Database/MySQLi/Connection.php on line 292.
 1 SYSTEMPATH/Database/MySQLi/Connection.php(292): mysqli->query('INSERT INTO `kategori_peserta` (`nama`, `created_at`, `updated_at`) VALUES (NULL, \'2022-06-25 03:45:18\', \'2022-06-25 03:45:18\')', 0)
 2 SYSTEMPATH/Database/BaseConnection.php(695): CodeIgniter\Database\MySQLi\Connection->execute('INSERT INTO `kategori_peserta` (`nama`, `created_at`, `updated_at`) VALUES (NULL, \'2022-06-25 03:45:18\', \'2022-06-25 03:45:18\')')
 3 SYSTEMPATH/Database/BaseConnection.php(609): CodeIgniter\Database\BaseConnection->simpleQuery('INSERT INTO `kategori_peserta` (`nama`, `created_at`, `updated_at`) VALUES (NULL, \'2022-06-25 03:45:18\', \'2022-06-25 03:45:18\')')
 4 SYSTEMPATH/Database/BaseBuilder.php(1904): CodeIgniter\Database\BaseConnection->query('INSERT INTO `kategori_peserta` (`nama`, `created_at`, `updated_at`) VALUES (:nama:, :created_at:, :updated_at:)', [...], false)
 5 SYSTEMPATH/Model.php(278): CodeIgniter\Database\BaseBuilder->insert()
 6 SYSTEMPATH/BaseModel.php(738): CodeIgniter\Model->doInsert([...])
 7 SYSTEMPATH/Model.php(666): CodeIgniter\BaseModel->insert([...], true)
 8 APPPATH/Controllers/KategoriPeserta.php(36): CodeIgniter\Model->insert([...])
 9 SYSTEMPATH/CodeIgniter.php(896): App\Controllers\KategoriPeserta->store()
10 SYSTEMPATH/CodeIgniter.php(466): CodeIgniter\CodeIgniter->runController(Object(App\Controllers\KategoriPeserta))
11 SYSTEMPATH/CodeIgniter.php(349): CodeIgniter\CodeIgniter->handleRequest(null, Object(Config\Cache), false)
12 FCPATH/index.php(55): CodeIgniter\CodeIgniter->run()
13 SYSTEMPATH/Commands/Server/rewrite.php(43): require_once('FCPATH/index.php')
CRITICAL - 2022-06-25 03:52:57 --> Attempt to read property "id" on array
in APPPATH/Views/pages/master/kategori-peserta/index.php on line 56.
 1 APPPATH/Views/pages/master/kategori-peserta/index.php(56): CodeIgniter\Debug\Exceptions->errorHandler(2, 'Attempt to read property "id" on array', 'APPPATH/Views/pages/master/kategori-peserta/index.php', 56)
 2 SYSTEMPATH/View/View.php(213): include('APPPATH/Views/pages/master/kategori-peserta/index.php')
 3 SYSTEMPATH/View/View.php(216): CodeIgniter\View\View->CodeIgniter\View\{closure}()
 4 SYSTEMPATH/Common.php(1135): CodeIgniter\View\View->render('pages/master/kategori-peserta/index', [], true)
 5 APPPATH/Controllers/KategoriPeserta.php(22): view('pages/master/kategori-peserta/index', [...])
 6 SYSTEMPATH/CodeIgniter.php(896): App\Controllers\KategoriPeserta->index()
 7 SYSTEMPATH/CodeIgniter.php(466): CodeIgniter\CodeIgniter->runController(Object(App\Controllers\KategoriPeserta))
 8 SYSTEMPATH/CodeIgniter.php(349): CodeIgniter\CodeIgniter->handleRequest(null, Object(Config\Cache), false)
 9 FCPATH/index.php(55): CodeIgniter\CodeIgniter->run()
10 SYSTEMPATH/Commands/Server/rewrite.php(43): require_once('FCPATH/index.php')
CRITICAL - 2022-06-25 03:53:51 --> syntax error, unexpected string content "", expecting "-" or identifier or variable or number
in APPPATH/Views/pages/master/kategori-peserta/index.php on line 56.
 1 SYSTEMPATH/View/View.php(216): CodeIgniter\View\View->CodeIgniter\View\{closure}()
 2 SYSTEMPATH/Common.php(1135): CodeIgniter\View\View->render('pages/master/kategori-peserta/index', [], true)
 3 APPPATH/Controllers/KategoriPeserta.php(22): view('pages/master/kategori-peserta/index', [...])
 4 SYSTEMPATH/CodeIgniter.php(896): App\Controllers\KategoriPeserta->index()
 5 SYSTEMPATH/CodeIgniter.php(466): CodeIgniter\CodeIgniter->runController(Object(App\Controllers\KategoriPeserta))
 6 SYSTEMPATH/CodeIgniter.php(349): CodeIgniter\CodeIgniter->handleRequest(null, Object(Config\Cache), false)
 7 FCPATH/index.php(55): CodeIgniter\CodeIgniter->run()
 8 SYSTEMPATH/Commands/Server/rewrite.php(43): require_once('FCPATH/index.php')
